<!DOCTYPE html>
<html>
<head>
<meta http-equiv="Content-Type" content="text/html; charset=utf-8"/>
<meta http-equiv="x-ua-compatible" content="IE=edge"/>
<title>Test results - Class tests.AddContactTest</title>
<link href="../css/base-style.css" rel="stylesheet" type="text/css"/>
<link href="../css/style.css" rel="stylesheet" type="text/css"/>
<script src="../js/report.js" type="text/javascript"></script>
</head>
<body>
<div id="content">
<h1>Class tests.AddContactTest</h1>
<div class="breadcrumbs">
<a href="../index.html">all</a> &gt; 
<a href="../packages/tests.html">tests</a> &gt; AddContactTest</div>
<div id="summary">
<table>
<tr>
<td>
<div class="summaryGroup">
<table>
<tr>
<td>
<div class="infoBox" id="tests">
<div class="counter">15</div>
<p>tests</p>
</div>
</td>
<td>
<div class="infoBox" id="failures">
<div class="counter">6</div>
<p>failures</p>
</div>
</td>
<td>
<div class="infoBox" id="ignored">
<div class="counter">0</div>
<p>ignored</p>
</div>
</td>
<td>
<div class="infoBox" id="duration">
<div class="counter">56.514s</div>
<p>duration</p>
</div>
</td>
</tr>
</table>
</div>
</td>
<td>
<div class="infoBox failures" id="successRate">
<div class="percent">60%</div>
<p>successful</p>
</div>
</td>
</tr>
</table>
</div>
<div id="tabs">
<ul class="tabLinks">
<li>
<a href="#tab0">Failed tests</a>
</li>
<li>
<a href="#tab1">Tests</a>
</li>
<li>
<a href="#tab2">Standard output</a>
</li>
</ul>
<div id="tab0" class="tab">
<h2>Failed tests</h2>
<div class="test">
<a name="addContactTestBase"></a>
<h3 class="failures">addContactTestBase</h3>
<span class="code">
<pre>java.lang.AssertionError: expected [true] but found [false]
	at org.testng.Assert.fail(Assert.java:97)
	at org.testng.Assert.failNotEquals(Assert.java:969)
	at org.testng.Assert.assertTrue(Assert.java:43)
	at org.testng.Assert.assertTrue(Assert.java:53)
	at tests.AddContactTest.addContactTestBase(AddContactTest.java:33)
	at java.base/jdk.internal.reflect.NativeMethodAccessorImpl.invoke0(Native Method)
	at java.base/jdk.internal.reflect.NativeMethodAccessorImpl.invoke(NativeMethodAccessorImpl.java:62)
	at java.base/jdk.internal.reflect.DelegatingMethodAccessorImpl.invoke(DelegatingMethodAccessorImpl.java:43)
	at java.base/java.lang.reflect.Method.invoke(Method.java:566)
	at org.testng.internal.MethodInvocationHelper.invokeMethod(MethodInvocationHelper.java:134)
	at org.testng.internal.TestInvoker.invokeMethod(TestInvoker.java:597)
	at org.testng.internal.TestInvoker.invokeTestMethod(TestInvoker.java:173)
	at org.testng.internal.MethodRunner.runInSequence(MethodRunner.java:46)
	at org.testng.internal.TestInvoker$MethodInvocationAgent.invoke(TestInvoker.java:816)
	at org.testng.internal.TestInvoker.invokeTestMethods(TestInvoker.java:146)
	at org.testng.internal.TestMethodWorker.invokeTestMethods(TestMethodWorker.java:146)
	at org.testng.internal.TestMethodWorker.run(TestMethodWorker.java:128)
	at java.base/java.util.ArrayList.forEach(ArrayList.java:1541)
	at org.testng.TestRunner.privateRun(TestRunner.java:766)
	at org.testng.TestRunner.run(TestRunner.java:587)
	at org.testng.SuiteRunner.runTest(SuiteRunner.java:384)
	at org.testng.SuiteRunner.runSequentially(SuiteRunner.java:378)
	at org.testng.SuiteRunner.privateRun(SuiteRunner.java:337)
	at org.testng.SuiteRunner.run(SuiteRunner.java:286)
	at org.testng.SuiteRunnerWorker.runSuite(SuiteRunnerWorker.java:53)
	at org.testng.SuiteRunnerWorker.run(SuiteRunnerWorker.java:96)
	at org.testng.TestNG.runSuitesSequentially(TestNG.java:1187)
	at org.testng.TestNG.runSuitesLocally(TestNG.java:1109)
	at org.testng.TestNG.runSuites(TestNG.java:1039)
	at org.testng.TestNG.run(TestNG.java:1007)
	at org.gradle.api.internal.tasks.testing.testng.TestNGTestClassProcessor.runTests(TestNGTestClassProcessor.java:141)
	at org.gradle.api.internal.tasks.testing.testng.TestNGTestClassProcessor.stop(TestNGTestClassProcessor.java:90)
	at org.gradle.api.internal.tasks.testing.SuiteTestClassProcessor.stop(SuiteTestClassProcessor.java:61)
	at java.base/jdk.internal.reflect.NativeMethodAccessorImpl.invoke0(Native Method)
	at java.base/jdk.internal.reflect.NativeMethodAccessorImpl.invoke(NativeMethodAccessorImpl.java:62)
	at java.base/jdk.internal.reflect.DelegatingMethodAccessorImpl.invoke(DelegatingMethodAccessorImpl.java:43)
	at java.base/java.lang.reflect.Method.invoke(Method.java:566)
	at org.gradle.internal.dispatch.ReflectionDispatch.dispatch(ReflectionDispatch.java:36)
	at org.gradle.internal.dispatch.ReflectionDispatch.dispatch(ReflectionDispatch.java:24)
	at org.gradle.internal.dispatch.ContextClassLoaderDispatch.dispatch(ContextClassLoaderDispatch.java:33)
	at org.gradle.internal.dispatch.ProxyDispatchAdapter$DispatchingInvocationHandler.invoke(ProxyDispatchAdapter.java:94)
	at com.sun.proxy.$Proxy2.stop(Unknown Source)
	at org.gradle.api.internal.tasks.testing.worker.TestWorker.stop(TestWorker.java:133)
	at java.base/jdk.internal.reflect.NativeMethodAccessorImpl.invoke0(Native Method)
	at java.base/jdk.internal.reflect.NativeMethodAccessorImpl.invoke(NativeMethodAccessorImpl.java:62)
	at java.base/jdk.internal.reflect.DelegatingMethodAccessorImpl.invoke(DelegatingMethodAccessorImpl.java:43)
	at java.base/java.lang.reflect.Method.invoke(Method.java:566)
	at org.gradle.internal.dispatch.ReflectionDispatch.dispatch(ReflectionDispatch.java:36)
	at org.gradle.internal.dispatch.ReflectionDispatch.dispatch(ReflectionDispatch.java:24)
	at org.gradle.internal.remote.internal.hub.MessageHubBackedObjectConnection$DispatchWrapper.dispatch(MessageHubBackedObjectConnection.java:182)
	at org.gradle.internal.remote.internal.hub.MessageHubBackedObjectConnection$DispatchWrapper.dispatch(MessageHubBackedObjectConnection.java:164)
	at org.gradle.internal.remote.internal.hub.MessageHub$Handler.run(MessageHub.java:414)
	at org.gradle.internal.concurrent.ExecutorPolicy$CatchAndRecordFailures.onExecute(ExecutorPolicy.java:64)
	at org.gradle.internal.concurrent.ManagedExecutorImpl$1.run(ManagedExecutorImpl.java:48)
	at java.base/java.util.concurrent.ThreadPoolExecutor.runWorker(ThreadPoolExecutor.java:1128)
	at java.base/java.util.concurrent.ThreadPoolExecutor$Worker.run(ThreadPoolExecutor.java:628)
	at org.gradle.internal.concurrent.ThreadFactoryImpl$ManagedThreadRunnable.run(ThreadFactoryImpl.java:56)
	at java.base/java.lang.Thread.run(Thread.java:834)
</pre>
</span>
</div>
<div class="test">
<a name="addContactTestBase"></a>
<h3 class="failures">addContactTestBase</h3>
<span class="code">
<pre>java.lang.AssertionError: expected [true] but found [false]
	at org.testng.Assert.fail(Assert.java:97)
	at org.testng.Assert.failNotEquals(Assert.java:969)
	at org.testng.Assert.assertTrue(Assert.java:43)
	at org.testng.Assert.assertTrue(Assert.java:53)
	at tests.AddContactTest.addContactTestBase(AddContactTest.java:33)
	at java.base/jdk.internal.reflect.NativeMethodAccessorImpl.invoke0(Native Method)
	at java.base/jdk.internal.reflect.NativeMethodAccessorImpl.invoke(NativeMethodAccessorImpl.java:62)
	at java.base/jdk.internal.reflect.DelegatingMethodAccessorImpl.invoke(DelegatingMethodAccessorImpl.java:43)
	at java.base/java.lang.reflect.Method.invoke(Method.java:566)
	at org.testng.internal.MethodInvocationHelper.invokeMethod(MethodInvocationHelper.java:134)
	at org.testng.internal.TestInvoker.invokeMethod(TestInvoker.java:597)
	at org.testng.internal.TestInvoker.invokeTestMethod(TestInvoker.java:173)
	at org.testng.internal.MethodRunner.runInSequence(MethodRunner.java:46)
	at org.testng.internal.TestInvoker$MethodInvocationAgent.invoke(TestInvoker.java:816)
	at org.testng.internal.TestInvoker.invokeTestMethods(TestInvoker.java:146)
	at org.testng.internal.TestMethodWorker.invokeTestMethods(TestMethodWorker.java:146)
	at org.testng.internal.TestMethodWorker.run(TestMethodWorker.java:128)
	at java.base/java.util.ArrayList.forEach(ArrayList.java:1541)
	at org.testng.TestRunner.privateRun(TestRunner.java:766)
	at org.testng.TestRunner.run(TestRunner.java:587)
	at org.testng.SuiteRunner.runTest(SuiteRunner.java:384)
	at org.testng.SuiteRunner.runSequentially(SuiteRunner.java:378)
	at org.testng.SuiteRunner.privateRun(SuiteRunner.java:337)
	at org.testng.SuiteRunner.run(SuiteRunner.java:286)
	at org.testng.SuiteRunnerWorker.runSuite(SuiteRunnerWorker.java:53)
	at org.testng.SuiteRunnerWorker.run(SuiteRunnerWorker.java:96)
	at org.testng.TestNG.runSuitesSequentially(TestNG.java:1187)
	at org.testng.TestNG.runSuitesLocally(TestNG.java:1109)
	at org.testng.TestNG.runSuites(TestNG.java:1039)
	at org.testng.TestNG.run(TestNG.java:1007)
	at org.gradle.api.internal.tasks.testing.testng.TestNGTestClassProcessor.runTests(TestNGTestClassProcessor.java:141)
	at org.gradle.api.internal.tasks.testing.testng.TestNGTestClassProcessor.stop(TestNGTestClassProcessor.java:90)
	at org.gradle.api.internal.tasks.testing.SuiteTestClassProcessor.stop(SuiteTestClassProcessor.java:61)
	at java.base/jdk.internal.reflect.NativeMethodAccessorImpl.invoke0(Native Method)
	at java.base/jdk.internal.reflect.NativeMethodAccessorImpl.invoke(NativeMethodAccessorImpl.java:62)
	at java.base/jdk.internal.reflect.DelegatingMethodAccessorImpl.invoke(DelegatingMethodAccessorImpl.java:43)
	at java.base/java.lang.reflect.Method.invoke(Method.java:566)
	at org.gradle.internal.dispatch.ReflectionDispatch.dispatch(ReflectionDispatch.java:36)
	at org.gradle.internal.dispatch.ReflectionDispatch.dispatch(ReflectionDispatch.java:24)
	at org.gradle.internal.dispatch.ContextClassLoaderDispatch.dispatch(ContextClassLoaderDispatch.java:33)
	at org.gradle.internal.dispatch.ProxyDispatchAdapter$DispatchingInvocationHandler.invoke(ProxyDispatchAdapter.java:94)
	at com.sun.proxy.$Proxy2.stop(Unknown Source)
	at org.gradle.api.internal.tasks.testing.worker.TestWorker.stop(TestWorker.java:133)
	at java.base/jdk.internal.reflect.NativeMethodAccessorImpl.invoke0(Native Method)
	at java.base/jdk.internal.reflect.NativeMethodAccessorImpl.invoke(NativeMethodAccessorImpl.java:62)
	at java.base/jdk.internal.reflect.DelegatingMethodAccessorImpl.invoke(DelegatingMethodAccessorImpl.java:43)
	at java.base/java.lang.reflect.Method.invoke(Method.java:566)
	at org.gradle.internal.dispatch.ReflectionDispatch.dispatch(ReflectionDispatch.java:36)
	at org.gradle.internal.dispatch.ReflectionDispatch.dispatch(ReflectionDispatch.java:24)
	at org.gradle.internal.remote.internal.hub.MessageHubBackedObjectConnection$DispatchWrapper.dispatch(MessageHubBackedObjectConnection.java:182)
	at org.gradle.internal.remote.internal.hub.MessageHubBackedObjectConnection$DispatchWrapper.dispatch(MessageHubBackedObjectConnection.java:164)
	at org.gradle.internal.remote.internal.hub.MessageHub$Handler.run(MessageHub.java:414)
	at org.gradle.internal.concurrent.ExecutorPolicy$CatchAndRecordFailures.onExecute(ExecutorPolicy.java:64)
	at org.gradle.internal.concurrent.ManagedExecutorImpl$1.run(ManagedExecutorImpl.java:48)
	at java.base/java.util.concurrent.ThreadPoolExecutor.runWorker(ThreadPoolExecutor.java:1128)
	at java.base/java.util.concurrent.ThreadPoolExecutor$Worker.run(ThreadPoolExecutor.java:628)
	at org.gradle.internal.concurrent.ThreadFactoryImpl$ManagedThreadRunnable.run(ThreadFactoryImpl.java:56)
	at java.base/java.lang.Thread.run(Thread.java:834)
</pre>
</span>
</div>
<div class="test">
<a name="addContactTestCSV[8](Contact(name=Mila, lastName=rehaeerh, email=kselon91@bk.ru, phone=1241156987, address=Haifa, description=friend))"></a>
<h3 class="failures">addContactTestCSV[8](Contact(name=Mila, lastName=rehaeerh, email=kselon91@bk.ru, phone=1241156987, address=Haifa, description=friend))</h3>
<span class="code">
<pre>java.lang.AssertionError: expected [true] but found [false]
	at org.testng.Assert.fail(Assert.java:97)
	at org.testng.Assert.failNotEquals(Assert.java:969)
	at org.testng.Assert.assertTrue(Assert.java:43)
	at org.testng.Assert.assertTrue(Assert.java:53)
	at tests.AddContactTest.addContactTestCSV(AddContactTest.java:44)
	at java.base/jdk.internal.reflect.NativeMethodAccessorImpl.invoke0(Native Method)
	at java.base/jdk.internal.reflect.NativeMethodAccessorImpl.invoke(NativeMethodAccessorImpl.java:62)
	at java.base/jdk.internal.reflect.DelegatingMethodAccessorImpl.invoke(DelegatingMethodAccessorImpl.java:43)
	at java.base/java.lang.reflect.Method.invoke(Method.java:566)
	at org.testng.internal.MethodInvocationHelper.invokeMethod(MethodInvocationHelper.java:134)
	at org.testng.internal.TestInvoker.invokeMethod(TestInvoker.java:597)
	at org.testng.internal.TestInvoker.invokeTestMethod(TestInvoker.java:173)
	at org.testng.internal.MethodRunner.runInSequence(MethodRunner.java:46)
	at org.testng.internal.TestInvoker$MethodInvocationAgent.invoke(TestInvoker.java:816)
	at org.testng.internal.TestInvoker.invokeTestMethods(TestInvoker.java:146)
	at org.testng.internal.TestMethodWorker.invokeTestMethods(TestMethodWorker.java:146)
	at org.testng.internal.TestMethodWorker.run(TestMethodWorker.java:128)
	at java.base/java.util.ArrayList.forEach(ArrayList.java:1541)
	at org.testng.TestRunner.privateRun(TestRunner.java:766)
	at org.testng.TestRunner.run(TestRunner.java:587)
	at org.testng.SuiteRunner.runTest(SuiteRunner.java:384)
	at org.testng.SuiteRunner.runSequentially(SuiteRunner.java:378)
	at org.testng.SuiteRunner.privateRun(SuiteRunner.java:337)
	at org.testng.SuiteRunner.run(SuiteRunner.java:286)
	at org.testng.SuiteRunnerWorker.runSuite(SuiteRunnerWorker.java:53)
	at org.testng.SuiteRunnerWorker.run(SuiteRunnerWorker.java:96)
	at org.testng.TestNG.runSuitesSequentially(TestNG.java:1187)
	at org.testng.TestNG.runSuitesLocally(TestNG.java:1109)
	at org.testng.TestNG.runSuites(TestNG.java:1039)
	at org.testng.TestNG.run(TestNG.java:1007)
	at org.gradle.api.internal.tasks.testing.testng.TestNGTestClassProcessor.runTests(TestNGTestClassProcessor.java:141)
	at org.gradle.api.internal.tasks.testing.testng.TestNGTestClassProcessor.stop(TestNGTestClassProcessor.java:90)
	at org.gradle.api.internal.tasks.testing.SuiteTestClassProcessor.stop(SuiteTestClassProcessor.java:61)
	at java.base/jdk.internal.reflect.NativeMethodAccessorImpl.invoke0(Native Method)
	at java.base/jdk.internal.reflect.NativeMethodAccessorImpl.invoke(NativeMethodAccessorImpl.java:62)
	at java.base/jdk.internal.reflect.DelegatingMethodAccessorImpl.invoke(DelegatingMethodAccessorImpl.java:43)
	at java.base/java.lang.reflect.Method.invoke(Method.java:566)
	at org.gradle.internal.dispatch.ReflectionDispatch.dispatch(ReflectionDispatch.java:36)
	at org.gradle.internal.dispatch.ReflectionDispatch.dispatch(ReflectionDispatch.java:24)
	at org.gradle.internal.dispatch.ContextClassLoaderDispatch.dispatch(ContextClassLoaderDispatch.java:33)
	at org.gradle.internal.dispatch.ProxyDispatchAdapter$DispatchingInvocationHandler.invoke(ProxyDispatchAdapter.java:94)
	at com.sun.proxy.$Proxy2.stop(Unknown Source)
	at org.gradle.api.internal.tasks.testing.worker.TestWorker.stop(TestWorker.java:133)
	at java.base/jdk.internal.reflect.NativeMethodAccessorImpl.invoke0(Native Method)
	at java.base/jdk.internal.reflect.NativeMethodAccessorImpl.invoke(NativeMethodAccessorImpl.java:62)
	at java.base/jdk.internal.reflect.DelegatingMethodAccessorImpl.invoke(DelegatingMethodAccessorImpl.java:43)
	at java.base/java.lang.reflect.Method.invoke(Method.java:566)
	at org.gradle.internal.dispatch.ReflectionDispatch.dispatch(ReflectionDispatch.java:36)
	at org.gradle.internal.dispatch.ReflectionDispatch.dispatch(ReflectionDispatch.java:24)
	at org.gradle.internal.remote.internal.hub.MessageHubBackedObjectConnection$DispatchWrapper.dispatch(MessageHubBackedObjectConnection.java:182)
	at org.gradle.internal.remote.internal.hub.MessageHubBackedObjectConnection$DispatchWrapper.dispatch(MessageHubBackedObjectConnection.java:164)
	at org.gradle.internal.remote.internal.hub.MessageHub$Handler.run(MessageHub.java:414)
	at org.gradle.internal.concurrent.ExecutorPolicy$CatchAndRecordFailures.onExecute(ExecutorPolicy.java:64)
	at org.gradle.internal.concurrent.ManagedExecutorImpl$1.run(ManagedExecutorImpl.java:48)
	at java.base/java.util.concurrent.ThreadPoolExecutor.runWorker(ThreadPoolExecutor.java:1128)
	at java.base/java.util.concurrent.ThreadPoolExecutor$Worker.run(ThreadPoolExecutor.java:628)
	at org.gradle.internal.concurrent.ThreadFactoryImpl$ManagedThreadRunnable.run(ThreadFactoryImpl.java:56)
	at java.base/java.lang.Thread.run(Thread.java:834)
</pre>
</span>
</div>
<div class="test">
<a name="addContactTestDataProvider[0](Masha, Qwerty, 1234512678, kselon01@bk.ru, Haifa, friend)"></a>
<h3 class="failures">addContactTestDataProvider[0](Masha, Qwerty, 1234512678, kselon01@bk.ru, Haifa, friend)</h3>
<span class="code">
<pre>java.lang.AssertionError: expected [true] but found [false]
	at org.testng.Assert.fail(Assert.java:97)
	at org.testng.Assert.failNotEquals(Assert.java:969)
	at org.testng.Assert.assertTrue(Assert.java:43)
	at org.testng.Assert.assertTrue(Assert.java:53)
	at tests.AddContactTest.addContactTestDataProvider(AddContactTest.java:62)
	at java.base/jdk.internal.reflect.NativeMethodAccessorImpl.invoke0(Native Method)
	at java.base/jdk.internal.reflect.NativeMethodAccessorImpl.invoke(NativeMethodAccessorImpl.java:62)
	at java.base/jdk.internal.reflect.DelegatingMethodAccessorImpl.invoke(DelegatingMethodAccessorImpl.java:43)
	at java.base/java.lang.reflect.Method.invoke(Method.java:566)
	at org.testng.internal.MethodInvocationHelper.invokeMethod(MethodInvocationHelper.java:134)
	at org.testng.internal.TestInvoker.invokeMethod(TestInvoker.java:597)
	at org.testng.internal.TestInvoker.invokeTestMethod(TestInvoker.java:173)
	at org.testng.internal.MethodRunner.runInSequence(MethodRunner.java:46)
	at org.testng.internal.TestInvoker$MethodInvocationAgent.invoke(TestInvoker.java:816)
	at org.testng.internal.TestInvoker.invokeTestMethods(TestInvoker.java:146)
	at org.testng.internal.TestMethodWorker.invokeTestMethods(TestMethodWorker.java:146)
	at org.testng.internal.TestMethodWorker.run(TestMethodWorker.java:128)
	at java.base/java.util.ArrayList.forEach(ArrayList.java:1541)
	at org.testng.TestRunner.privateRun(TestRunner.java:766)
	at org.testng.TestRunner.run(TestRunner.java:587)
	at org.testng.SuiteRunner.runTest(SuiteRunner.java:384)
	at org.testng.SuiteRunner.runSequentially(SuiteRunner.java:378)
	at org.testng.SuiteRunner.privateRun(SuiteRunner.java:337)
	at org.testng.SuiteRunner.run(SuiteRunner.java:286)
	at org.testng.SuiteRunnerWorker.runSuite(SuiteRunnerWorker.java:53)
	at org.testng.SuiteRunnerWorker.run(SuiteRunnerWorker.java:96)
	at org.testng.TestNG.runSuitesSequentially(TestNG.java:1187)
	at org.testng.TestNG.runSuitesLocally(TestNG.java:1109)
	at org.testng.TestNG.runSuites(TestNG.java:1039)
	at org.testng.TestNG.run(TestNG.java:1007)
	at org.gradle.api.internal.tasks.testing.testng.TestNGTestClassProcessor.runTests(TestNGTestClassProcessor.java:141)
	at org.gradle.api.internal.tasks.testing.testng.TestNGTestClassProcessor.stop(TestNGTestClassProcessor.java:90)
	at org.gradle.api.internal.tasks.testing.SuiteTestClassProcessor.stop(SuiteTestClassProcessor.java:61)
	at java.base/jdk.internal.reflect.NativeMethodAccessorImpl.invoke0(Native Method)
	at java.base/jdk.internal.reflect.NativeMethodAccessorImpl.invoke(NativeMethodAccessorImpl.java:62)
	at java.base/jdk.internal.reflect.DelegatingMethodAccessorImpl.invoke(DelegatingMethodAccessorImpl.java:43)
	at java.base/java.lang.reflect.Method.invoke(Method.java:566)
	at org.gradle.internal.dispatch.ReflectionDispatch.dispatch(ReflectionDispatch.java:36)
	at org.gradle.internal.dispatch.ReflectionDispatch.dispatch(ReflectionDispatch.java:24)
	at org.gradle.internal.dispatch.ContextClassLoaderDispatch.dispatch(ContextClassLoaderDispatch.java:33)
	at org.gradle.internal.dispatch.ProxyDispatchAdapter$DispatchingInvocationHandler.invoke(ProxyDispatchAdapter.java:94)
	at com.sun.proxy.$Proxy2.stop(Unknown Source)
	at org.gradle.api.internal.tasks.testing.worker.TestWorker.stop(TestWorker.java:133)
	at java.base/jdk.internal.reflect.NativeMethodAccessorImpl.invoke0(Native Method)
	at java.base/jdk.internal.reflect.NativeMethodAccessorImpl.invoke(NativeMethodAccessorImpl.java:62)
	at java.base/jdk.internal.reflect.DelegatingMethodAccessorImpl.invoke(DelegatingMethodAccessorImpl.java:43)
	at java.base/java.lang.reflect.Method.invoke(Method.java:566)
	at org.gradle.internal.dispatch.ReflectionDispatch.dispatch(ReflectionDispatch.java:36)
	at org.gradle.internal.dispatch.ReflectionDispatch.dispatch(ReflectionDispatch.java:24)
	at org.gradle.internal.remote.internal.hub.MessageHubBackedObjectConnection$DispatchWrapper.dispatch(MessageHubBackedObjectConnection.java:182)
	at org.gradle.internal.remote.internal.hub.MessageHubBackedObjectConnection$DispatchWrapper.dispatch(MessageHubBackedObjectConnection.java:164)
	at org.gradle.internal.remote.internal.hub.MessageHub$Handler.run(MessageHub.java:414)
	at org.gradle.internal.concurrent.ExecutorPolicy$CatchAndRecordFailures.onExecute(ExecutorPolicy.java:64)
	at org.gradle.internal.concurrent.ManagedExecutorImpl$1.run(ManagedExecutorImpl.java:48)
	at java.base/java.util.concurrent.ThreadPoolExecutor.runWorker(ThreadPoolExecutor.java:1128)
	at java.base/java.util.concurrent.ThreadPoolExecutor$Worker.run(ThreadPoolExecutor.java:628)
	at org.gradle.internal.concurrent.ThreadFactoryImpl$ManagedThreadRunnable.run(ThreadFactoryImpl.java:56)
	at java.base/java.lang.Thread.run(Thread.java:834)
</pre>
</span>
</div>
<div class="test">
<a name="addContactTestDataProvider[1](Sasha, Asdfgh, 9872115632, kselon02@bk.ru, Haifa, friend)"></a>
<h3 class="failures">addContactTestDataProvider[1](Sasha, Asdfgh, 9872115632, kselon02@bk.ru, Haifa, friend)</h3>
<span class="code">
<pre>java.lang.AssertionError: expected [true] but found [false]
	at org.testng.Assert.fail(Assert.java:97)
	at org.testng.Assert.failNotEquals(Assert.java:969)
	at org.testng.Assert.assertTrue(Assert.java:43)
	at org.testng.Assert.assertTrue(Assert.java:53)
	at tests.AddContactTest.addContactTestDataProvider(AddContactTest.java:62)
	at java.base/jdk.internal.reflect.NativeMethodAccessorImpl.invoke0(Native Method)
	at java.base/jdk.internal.reflect.NativeMethodAccessorImpl.invoke(NativeMethodAccessorImpl.java:62)
	at java.base/jdk.internal.reflect.DelegatingMethodAccessorImpl.invoke(DelegatingMethodAccessorImpl.java:43)
	at java.base/java.lang.reflect.Method.invoke(Method.java:566)
	at org.testng.internal.MethodInvocationHelper.invokeMethod(MethodInvocationHelper.java:134)
	at org.testng.internal.TestInvoker.invokeMethod(TestInvoker.java:597)
	at org.testng.internal.TestInvoker.invokeTestMethod(TestInvoker.java:173)
	at org.testng.internal.MethodRunner.runInSequence(MethodRunner.java:46)
	at org.testng.internal.TestInvoker$MethodInvocationAgent.invoke(TestInvoker.java:816)
	at org.testng.internal.TestInvoker.invokeTestMethods(TestInvoker.java:146)
	at org.testng.internal.TestMethodWorker.invokeTestMethods(TestMethodWorker.java:146)
	at org.testng.internal.TestMethodWorker.run(TestMethodWorker.java:128)
	at java.base/java.util.ArrayList.forEach(ArrayList.java:1541)
	at org.testng.TestRunner.privateRun(TestRunner.java:766)
	at org.testng.TestRunner.run(TestRunner.java:587)
	at org.testng.SuiteRunner.runTest(SuiteRunner.java:384)
	at org.testng.SuiteRunner.runSequentially(SuiteRunner.java:378)
	at org.testng.SuiteRunner.privateRun(SuiteRunner.java:337)
	at org.testng.SuiteRunner.run(SuiteRunner.java:286)
	at org.testng.SuiteRunnerWorker.runSuite(SuiteRunnerWorker.java:53)
	at org.testng.SuiteRunnerWorker.run(SuiteRunnerWorker.java:96)
	at org.testng.TestNG.runSuitesSequentially(TestNG.java:1187)
	at org.testng.TestNG.runSuitesLocally(TestNG.java:1109)
	at org.testng.TestNG.runSuites(TestNG.java:1039)
	at org.testng.TestNG.run(TestNG.java:1007)
	at org.gradle.api.internal.tasks.testing.testng.TestNGTestClassProcessor.runTests(TestNGTestClassProcessor.java:141)
	at org.gradle.api.internal.tasks.testing.testng.TestNGTestClassProcessor.stop(TestNGTestClassProcessor.java:90)
	at org.gradle.api.internal.tasks.testing.SuiteTestClassProcessor.stop(SuiteTestClassProcessor.java:61)
	at java.base/jdk.internal.reflect.NativeMethodAccessorImpl.invoke0(Native Method)
	at java.base/jdk.internal.reflect.NativeMethodAccessorImpl.invoke(NativeMethodAccessorImpl.java:62)
	at java.base/jdk.internal.reflect.DelegatingMethodAccessorImpl.invoke(DelegatingMethodAccessorImpl.java:43)
	at java.base/java.lang.reflect.Method.invoke(Method.java:566)
	at org.gradle.internal.dispatch.ReflectionDispatch.dispatch(ReflectionDispatch.java:36)
	at org.gradle.internal.dispatch.ReflectionDispatch.dispatch(ReflectionDispatch.java:24)
	at org.gradle.internal.dispatch.ContextClassLoaderDispatch.dispatch(ContextClassLoaderDispatch.java:33)
	at org.gradle.internal.dispatch.ProxyDispatchAdapter$DispatchingInvocationHandler.invoke(ProxyDispatchAdapter.java:94)
	at com.sun.proxy.$Proxy2.stop(Unknown Source)
	at org.gradle.api.internal.tasks.testing.worker.TestWorker.stop(TestWorker.java:133)
	at java.base/jdk.internal.reflect.NativeMethodAccessorImpl.invoke0(Native Method)
	at java.base/jdk.internal.reflect.NativeMethodAccessorImpl.invoke(NativeMethodAccessorImpl.java:62)
	at java.base/jdk.internal.reflect.DelegatingMethodAccessorImpl.invoke(DelegatingMethodAccessorImpl.java:43)
	at java.base/java.lang.reflect.Method.invoke(Method.java:566)
	at org.gradle.internal.dispatch.ReflectionDispatch.dispatch(ReflectionDispatch.java:36)
	at org.gradle.internal.dispatch.ReflectionDispatch.dispatch(ReflectionDispatch.java:24)
	at org.gradle.internal.remote.internal.hub.MessageHubBackedObjectConnection$DispatchWrapper.dispatch(MessageHubBackedObjectConnection.java:182)
	at org.gradle.internal.remote.internal.hub.MessageHubBackedObjectConnection$DispatchWrapper.dispatch(MessageHubBackedObjectConnection.java:164)
	at org.gradle.internal.remote.internal.hub.MessageHub$Handler.run(MessageHub.java:414)
	at org.gradle.internal.concurrent.ExecutorPolicy$CatchAndRecordFailures.onExecute(ExecutorPolicy.java:64)
	at org.gradle.internal.concurrent.ManagedExecutorImpl$1.run(ManagedExecutorImpl.java:48)
	at java.base/java.util.concurrent.ThreadPoolExecutor.runWorker(ThreadPoolExecutor.java:1128)
	at java.base/java.util.concurrent.ThreadPoolExecutor$Worker.run(ThreadPoolExecutor.java:628)
	at org.gradle.internal.concurrent.ThreadFactoryImpl$ManagedThreadRunnable.run(ThreadFactoryImpl.java:56)
	at java.base/java.lang.Thread.run(Thread.java:834)
</pre>
</span>
</div>
<div class="test">
<a name="addContactTestDataProvider[2](Mosha, wrnaertn, 1211567412, kselon03@bk.ru, Haifa, friend)"></a>
<h3 class="failures">addContactTestDataProvider[2](Mosha, wrnaertn, 1211567412, kselon03@bk.ru, Haifa, friend)</h3>
<span class="code">
<pre>java.lang.AssertionError: expected [true] but found [false]
	at org.testng.Assert.fail(Assert.java:97)
	at org.testng.Assert.failNotEquals(Assert.java:969)
	at org.testng.Assert.assertTrue(Assert.java:43)
	at org.testng.Assert.assertTrue(Assert.java:53)
	at tests.AddContactTest.addContactTestDataProvider(AddContactTest.java:62)
	at java.base/jdk.internal.reflect.NativeMethodAccessorImpl.invoke0(Native Method)
	at java.base/jdk.internal.reflect.NativeMethodAccessorImpl.invoke(NativeMethodAccessorImpl.java:62)
	at java.base/jdk.internal.reflect.DelegatingMethodAccessorImpl.invoke(DelegatingMethodAccessorImpl.java:43)
	at java.base/java.lang.reflect.Method.invoke(Method.java:566)
	at org.testng.internal.MethodInvocationHelper.invokeMethod(MethodInvocationHelper.java:134)
	at org.testng.internal.TestInvoker.invokeMethod(TestInvoker.java:597)
	at org.testng.internal.TestInvoker.invokeTestMethod(TestInvoker.java:173)
	at org.testng.internal.MethodRunner.runInSequence(MethodRunner.java:46)
	at org.testng.internal.TestInvoker$MethodInvocationAgent.invoke(TestInvoker.java:816)
	at org.testng.internal.TestInvoker.invokeTestMethods(TestInvoker.java:146)
	at org.testng.internal.TestMethodWorker.invokeTestMethods(TestMethodWorker.java:146)
	at org.testng.internal.TestMethodWorker.run(TestMethodWorker.java:128)
	at java.base/java.util.ArrayList.forEach(ArrayList.java:1541)
	at org.testng.TestRunner.privateRun(TestRunner.java:766)
	at org.testng.TestRunner.run(TestRunner.java:587)
	at org.testng.SuiteRunner.runTest(SuiteRunner.java:384)
	at org.testng.SuiteRunner.runSequentially(SuiteRunner.java:378)
	at org.testng.SuiteRunner.privateRun(SuiteRunner.java:337)
	at org.testng.SuiteRunner.run(SuiteRunner.java:286)
	at org.testng.SuiteRunnerWorker.runSuite(SuiteRunnerWorker.java:53)
	at org.testng.SuiteRunnerWorker.run(SuiteRunnerWorker.java:96)
	at org.testng.TestNG.runSuitesSequentially(TestNG.java:1187)
	at org.testng.TestNG.runSuitesLocally(TestNG.java:1109)
	at org.testng.TestNG.runSuites(TestNG.java:1039)
	at org.testng.TestNG.run(TestNG.java:1007)
	at org.gradle.api.internal.tasks.testing.testng.TestNGTestClassProcessor.runTests(TestNGTestClassProcessor.java:141)
	at org.gradle.api.internal.tasks.testing.testng.TestNGTestClassProcessor.stop(TestNGTestClassProcessor.java:90)
	at org.gradle.api.internal.tasks.testing.SuiteTestClassProcessor.stop(SuiteTestClassProcessor.java:61)
	at java.base/jdk.internal.reflect.NativeMethodAccessorImpl.invoke0(Native Method)
	at java.base/jdk.internal.reflect.NativeMethodAccessorImpl.invoke(NativeMethodAccessorImpl.java:62)
	at java.base/jdk.internal.reflect.DelegatingMethodAccessorImpl.invoke(DelegatingMethodAccessorImpl.java:43)
	at java.base/java.lang.reflect.Method.invoke(Method.java:566)
	at org.gradle.internal.dispatch.ReflectionDispatch.dispatch(ReflectionDispatch.java:36)
	at org.gradle.internal.dispatch.ReflectionDispatch.dispatch(ReflectionDispatch.java:24)
	at org.gradle.internal.dispatch.ContextClassLoaderDispatch.dispatch(ContextClassLoaderDispatch.java:33)
	at org.gradle.internal.dispatch.ProxyDispatchAdapter$DispatchingInvocationHandler.invoke(ProxyDispatchAdapter.java:94)
	at com.sun.proxy.$Proxy2.stop(Unknown Source)
	at org.gradle.api.internal.tasks.testing.worker.TestWorker.stop(TestWorker.java:133)
	at java.base/jdk.internal.reflect.NativeMethodAccessorImpl.invoke0(Native Method)
	at java.base/jdk.internal.reflect.NativeMethodAccessorImpl.invoke(NativeMethodAccessorImpl.java:62)
	at java.base/jdk.internal.reflect.DelegatingMethodAccessorImpl.invoke(DelegatingMethodAccessorImpl.java:43)
	at java.base/java.lang.reflect.Method.invoke(Method.java:566)
	at org.gradle.internal.dispatch.ReflectionDispatch.dispatch(ReflectionDispatch.java:36)
	at org.gradle.internal.dispatch.ReflectionDispatch.dispatch(ReflectionDispatch.java:24)
	at org.gradle.internal.remote.internal.hub.MessageHubBackedObjectConnection$DispatchWrapper.dispatch(MessageHubBackedObjectConnection.java:182)
	at org.gradle.internal.remote.internal.hub.MessageHubBackedObjectConnection$DispatchWrapper.dispatch(MessageHubBackedObjectConnection.java:164)
	at org.gradle.internal.remote.internal.hub.MessageHub$Handler.run(MessageHub.java:414)
	at org.gradle.internal.concurrent.ExecutorPolicy$CatchAndRecordFailures.onExecute(ExecutorPolicy.java:64)
	at org.gradle.internal.concurrent.ManagedExecutorImpl$1.run(ManagedExecutorImpl.java:48)
	at java.base/java.util.concurrent.ThreadPoolExecutor.runWorker(ThreadPoolExecutor.java:1128)
	at java.base/java.util.concurrent.ThreadPoolExecutor$Worker.run(ThreadPoolExecutor.java:628)
	at org.gradle.internal.concurrent.ThreadFactoryImpl$ManagedThreadRunnable.run(ThreadFactoryImpl.java:56)
	at java.base/java.lang.Thread.run(Thread.java:834)
</pre>
</span>
</div>
</div>
<div id="tab1" class="tab">
<h2>Tests</h2>
<table>
<thead>
<tr>
<th>Test</th>
<th>Duration</th>
<th>Result</th>
</tr>
</thead>
<tr>
<td class="failures">addContactTestBase</td>
<td class="failures">5.328s</td>
<td class="failures">failed</td>
</tr>
<tr>
<td class="failures">addContactTestBase</td>
<td class="failures">5.422s</td>
<td class="failures">failed</td>
</tr>
<tr>
<td class="success">addContactTestBase</td>
<td class="success">2.852s</td>
<td class="success">passed</td>
</tr>
<tr>
<td class="success">addContactTestCSV[0](Contact(name=Masha, lastName=Qwerty, email=kselon01@bk.ru, phone=1234511678, address=Haifa, description=friend))</td>
<td class="success">2.749s</td>
<td class="success">passed</td>
</tr>
<tr>
<td class="success">addContactTestCSV[1](Contact(name=Sasha, lastName=Asdfgh, email=kselon02@bk.ru, phone=9874115632, address=Haifa, description=friend))</td>
<td class="success">2.791s</td>
<td class="success">passed</td>
</tr>
<tr>
<td class="success">addContactTestCSV[2](Contact(name=Mosha, lastName=wrnaertn, email=kselon03@bk.ru, phone=1411567412, address=Haifa, description=friend))</td>
<td class="success">2.649s</td>
<td class="success">passed</td>
</tr>
<tr>
<td class="success">addContactTestCSV[3](Contact(name=Gosha, lastName=gndgn, email=kselon04@bk.ru, phone=3245631125, address=Haifa, description=friend))</td>
<td class="success">2.614s</td>
<td class="success">passed</td>
</tr>
<tr>
<td class="success">addContactTestCSV[4](Contact(name=Resae, lastName=aetnxf , email=kselon05@bk.ru, phone=1211452145, address=Haifa, description=friend))</td>
<td class="success">2.804s</td>
<td class="success">passed</td>
</tr>
<tr>
<td class="success">addContactTestCSV[5](Contact(name=Trew, lastName=aweegear, email=kselon61@bk.ru, phone=9811569856, address=Haifa, description=friend))</td>
<td class="success">2.560s</td>
<td class="success">passed</td>
</tr>
<tr>
<td class="success">addContactTestCSV[6](Contact(name=John, lastName=zdgWEg, email=kselon07@bk.ru, phone=6587114521, address=Haifa, description=friend))</td>
<td class="success">2.871s</td>
<td class="success">passed</td>
</tr>
<tr>
<td class="success">addContactTestCSV[7](Contact(name=Jane, lastName=ezrneren, email=kselon08@bk.ru, phone=1211589654, address=Haifa, description=friend))</td>
<td class="success">2.717s</td>
<td class="success">passed</td>
</tr>
<tr>
<td class="failures">addContactTestCSV[8](Contact(name=Mila, lastName=rehaeerh, email=kselon91@bk.ru, phone=1241156987, address=Haifa, description=friend))</td>
<td class="failures">5.263s</td>
<td class="failures">failed</td>
</tr>
<tr>
<td class="failures">addContactTestDataProvider[0](Masha, Qwerty, 1234512678, kselon01@bk.ru, Haifa, friend)</td>
<td class="failures">5.239s</td>
<td class="failures">failed</td>
</tr>
<tr>
<td class="failures">addContactTestDataProvider[1](Sasha, Asdfgh, 9872115632, kselon02@bk.ru, Haifa, friend)</td>
<td class="failures">5.540s</td>
<td class="failures">failed</td>
</tr>
<tr>
<td class="failures">addContactTestDataProvider[2](Mosha, wrnaertn, 1211567412, kselon03@bk.ru, Haifa, friend)</td>
<td class="failures">5.115s</td>
<td class="failures">failed</td>
</tr>
</table>
</div>
<div id="tab2" class="tab">
<h2>Standard output</h2>
<span class="code">
<pre>20:53:00 INFO  tests.TestBase - ==================================
20:53:00 INFO  tests.TestBase - Start on method - addContactTestBase
20:53:00 INFO  tests.TestBase - Start test with Data - []
20:53:00 INFO  application.MyListener - Start find element by --&gt; By.xpath: //a[.='LOGIN']
20:53:00 INFO  application.MyListener - The element --&gt; By.xpath: //a[.='LOGIN'] was found
20:53:00 INFO  application.MyListener - Start find element by --&gt; By.xpath: //a[.='LOGIN']
20:53:00 INFO  application.MyListener - The element --&gt; By.xpath: //a[.='LOGIN'] was found
20:53:00 INFO  application.MyListener - Start find element by --&gt; By.xpath: //a[.='LOGIN']
20:53:00 INFO  application.MyListener - The element --&gt; By.xpath: //a[.='LOGIN'] was found
20:53:00 INFO  application.MyListener - Start find element by --&gt; By.xpath: //input[@placeholder='Email']
20:53:00 INFO  application.MyListener - The element --&gt; By.xpath: //input[@placeholder='Email'] was found
20:53:01 INFO  application.MyListener - Start find element by --&gt; By.xpath: //input[@placeholder='Password']
20:53:01 INFO  application.MyListener - The element --&gt; By.xpath: //input[@placeholder='Password'] was found
20:53:01 INFO  application.MyListener - Start find element by --&gt; By.xpath: //button[.=' Login']
20:53:01 INFO  application.MyListener - The element --&gt; By.xpath: //button[.=' Login'] was found
20:53:02 INFO  application.MyListener - Start find element by --&gt; By.xpath: //a[.='ADD']
20:53:02 INFO  application.MyListener - The element --&gt; By.xpath: //a[.='ADD'] was found
20:53:02 INFO  application.MyListener - Start find element by --&gt; By.cssSelector: input[placeholder='Name']
20:53:02 INFO  application.MyListener - The element --&gt; By.cssSelector: input[placeholder='Name'] was found
20:53:02 INFO  application.MyListener - Start find element by --&gt; By.cssSelector: input[placeholder='Last Name']
20:53:02 INFO  application.MyListener - The element --&gt; By.cssSelector: input[placeholder='Last Name'] was found
20:53:02 INFO  application.MyListener - Start find element by --&gt; By.cssSelector: input[placeholder='Phone']
20:53:02 INFO  application.MyListener - The element --&gt; By.cssSelector: input[placeholder='Phone'] was found
20:53:03 INFO  application.MyListener - Start find element by --&gt; By.cssSelector: input[placeholder='email']
20:53:03 INFO  application.MyListener - The element --&gt; By.cssSelector: input[placeholder='email'] was found
20:53:03 INFO  application.MyListener - Start find element by --&gt; By.cssSelector: input[placeholder='Address']
20:53:03 INFO  application.MyListener - The element --&gt; By.cssSelector: input[placeholder='Address'] was found
20:53:03 INFO  application.MyListener - Start find element by --&gt; By.cssSelector: input[placeholder='description']
20:53:03 INFO  application.MyListener - The element --&gt; By.cssSelector: input[placeholder='description'] was found
20:53:04 INFO  application.MyListener - Start find element by --&gt; By.xpath: //h3
20:53:05 INFO  application.MyListener - The element --&gt; By.xpath: //h3 was found
============12345678===============
20:53:05 INFO  tests.TestBase - End off method - addContactTestBase
20:53:05 INFO  tests.TestBase - ==================================
20:53:05 INFO  tests.TestBase - Start on method - addContactTestBase
20:53:05 INFO  tests.TestBase - Start test with Data - []
20:53:05 INFO  application.MyListener - Start find element by --&gt; By.xpath: //a[.='LOGIN']
20:53:08 INFO  application.MyListener - The element --&gt; By.xpath: //a[.='LOGIN'] was found
20:53:08 INFO  application.MyListener - Start find element by --&gt; By.xpath: //a[.='ADD']
20:53:08 INFO  application.MyListener - The element --&gt; By.xpath: //a[.='ADD'] was found
20:53:08 INFO  application.MyListener - Start find element by --&gt; By.cssSelector: input[placeholder='Name']
20:53:08 INFO  application.MyListener - The element --&gt; By.cssSelector: input[placeholder='Name'] was found
20:53:08 INFO  application.MyListener - Start find element by --&gt; By.cssSelector: input[placeholder='Last Name']
20:53:08 INFO  application.MyListener - The element --&gt; By.cssSelector: input[placeholder='Last Name'] was found
20:53:08 INFO  application.MyListener - Start find element by --&gt; By.cssSelector: input[placeholder='Phone']
20:53:08 INFO  application.MyListener - The element --&gt; By.cssSelector: input[placeholder='Phone'] was found
20:53:08 INFO  application.MyListener - Start find element by --&gt; By.cssSelector: input[placeholder='email']
20:53:08 INFO  application.MyListener - The element --&gt; By.cssSelector: input[placeholder='email'] was found
20:53:09 INFO  application.MyListener - Start find element by --&gt; By.cssSelector: input[placeholder='Address']
20:53:09 INFO  application.MyListener - The element --&gt; By.cssSelector: input[placeholder='Address'] was found
20:53:09 INFO  application.MyListener - Start find element by --&gt; By.cssSelector: input[placeholder='description']
20:53:09 INFO  application.MyListener - The element --&gt; By.cssSelector: input[placeholder='description'] was found
20:53:10 INFO  application.MyListener - Start find element by --&gt; By.xpath: //h3
20:53:13 INFO  application.MyListener - The element --&gt; By.xpath: //h3 was found
20:53:13 INFO  tests.TestBase - End off method - addContactTestBase
20:53:13 INFO  tests.TestBase - ==================================
20:53:13 INFO  tests.TestBase - Start on method - addContactTestBase
20:53:13 INFO  tests.TestBase - Start test with Data - []
20:53:13 INFO  application.MyListener - Start find element by --&gt; By.xpath: //a[.='LOGIN']
20:53:16 INFO  application.MyListener - The element --&gt; By.xpath: //a[.='LOGIN'] was found
20:53:16 INFO  application.MyListener - Start find element by --&gt; By.xpath: //a[.='ADD']
20:53:16 INFO  application.MyListener - The element --&gt; By.xpath: //a[.='ADD'] was found
20:53:16 INFO  application.MyListener - Start find element by --&gt; By.cssSelector: input[placeholder='Name']
20:53:16 INFO  application.MyListener - The element --&gt; By.cssSelector: input[placeholder='Name'] was found
20:53:17 INFO  application.MyListener - Start find element by --&gt; By.cssSelector: input[placeholder='Last Name']
20:53:17 INFO  application.MyListener - The element --&gt; By.cssSelector: input[placeholder='Last Name'] was found
20:53:17 INFO  application.MyListener - Start find element by --&gt; By.cssSelector: input[placeholder='Phone']
20:53:17 INFO  application.MyListener - The element --&gt; By.cssSelector: input[placeholder='Phone'] was found
20:53:17 INFO  application.MyListener - Start find element by --&gt; By.cssSelector: input[placeholder='email']
20:53:17 INFO  application.MyListener - The element --&gt; By.cssSelector: input[placeholder='email'] was found
20:53:17 INFO  application.MyListener - Start find element by --&gt; By.cssSelector: input[placeholder='Address']
20:53:17 INFO  application.MyListener - The element --&gt; By.cssSelector: input[placeholder='Address'] was found
20:53:17 INFO  application.MyListener - Start find element by --&gt; By.cssSelector: input[placeholder='description']
20:53:17 INFO  application.MyListener - The element --&gt; By.cssSelector: input[placeholder='description'] was found
20:53:19 INFO  application.MyListener - Start find element by --&gt; By.xpath: //h3
20:53:22 INFO  application.MyListener - The element --&gt; By.xpath: //h3 was found
20:53:22 INFO  tests.TestBase - End off method - addContactTestBase
20:53:22 INFO  tests.TestBase - ==================================
20:53:22 INFO  tests.TestBase - Start on method - addContactTestCSV
20:53:22 INFO  tests.TestBase - Start test with Data - [Contact(name=Masha, lastName=Qwerty, email=kselon01@bk.ru, phone=1234511678, address=Haifa, description=friend)]
20:53:22 INFO  application.MyListener - Start find element by --&gt; By.xpath: //a[.='LOGIN']
20:53:25 INFO  application.MyListener - The element --&gt; By.xpath: //a[.='LOGIN'] was found
20:53:25 INFO  application.MyListener - Start find element by --&gt; By.xpath: //a[.='ADD']
20:53:25 INFO  application.MyListener - The element --&gt; By.xpath: //a[.='ADD'] was found
20:53:25 INFO  application.MyListener - Start find element by --&gt; By.cssSelector: input[placeholder='Name']
20:53:25 INFO  application.MyListener - The element --&gt; By.cssSelector: input[placeholder='Name'] was found
20:53:25 INFO  application.MyListener - Start find element by --&gt; By.cssSelector: input[placeholder='Last Name']
20:53:25 INFO  application.MyListener - The element --&gt; By.cssSelector: input[placeholder='Last Name'] was found
20:53:25 INFO  application.MyListener - Start find element by --&gt; By.cssSelector: input[placeholder='Phone']
20:53:25 INFO  application.MyListener - The element --&gt; By.cssSelector: input[placeholder='Phone'] was found
20:53:25 INFO  application.MyListener - Start find element by --&gt; By.cssSelector: input[placeholder='email']
20:53:25 INFO  application.MyListener - The element --&gt; By.cssSelector: input[placeholder='email'] was found
20:53:26 INFO  application.MyListener - Start find element by --&gt; By.cssSelector: input[placeholder='Address']
20:53:26 INFO  application.MyListener - The element --&gt; By.cssSelector: input[placeholder='Address'] was found
20:53:26 INFO  application.MyListener - Start find element by --&gt; By.cssSelector: input[placeholder='description']
20:53:26 INFO  application.MyListener - The element --&gt; By.cssSelector: input[placeholder='description'] was found
20:53:27 INFO  application.MyListener - Start find element by --&gt; By.xpath: //h3
20:53:27 INFO  application.MyListener - The element --&gt; By.xpath: //h3 was found
============1234511678===============
20:53:27 INFO  tests.TestBase - End off method - addContactTestCSV
20:53:27 INFO  tests.TestBase - ==================================
20:53:27 INFO  tests.TestBase - Start on method - addContactTestCSV
20:53:27 INFO  tests.TestBase - Start test with Data - [Contact(name=Sasha, lastName=Asdfgh, email=kselon02@bk.ru, phone=9874115632, address=Haifa, description=friend)]
20:53:27 INFO  application.MyListener - Start find element by --&gt; By.xpath: //a[.='LOGIN']
20:53:30 INFO  application.MyListener - The element --&gt; By.xpath: //a[.='LOGIN'] was found
20:53:30 INFO  application.MyListener - Start find element by --&gt; By.xpath: //a[.='ADD']
20:53:30 INFO  application.MyListener - The element --&gt; By.xpath: //a[.='ADD'] was found
20:53:31 INFO  application.MyListener - Start find element by --&gt; By.cssSelector: input[placeholder='Name']
20:53:31 INFO  application.MyListener - The element --&gt; By.cssSelector: input[placeholder='Name'] was found
20:53:31 INFO  application.MyListener - Start find element by --&gt; By.cssSelector: input[placeholder='Last Name']
20:53:31 INFO  application.MyListener - The element --&gt; By.cssSelector: input[placeholder='Last Name'] was found
20:53:31 INFO  application.MyListener - Start find element by --&gt; By.cssSelector: input[placeholder='Phone']
20:53:31 INFO  application.MyListener - The element --&gt; By.cssSelector: input[placeholder='Phone'] was found
20:53:31 INFO  application.MyListener - Start find element by --&gt; By.cssSelector: input[placeholder='email']
20:53:31 INFO  application.MyListener - The element --&gt; By.cssSelector: input[placeholder='email'] was found
20:53:31 INFO  application.MyListener - Start find element by --&gt; By.cssSelector: input[placeholder='Address']
20:53:31 INFO  application.MyListener - The element --&gt; By.cssSelector: input[placeholder='Address'] was found
20:53:32 INFO  application.MyListener - Start find element by --&gt; By.cssSelector: input[placeholder='description']
20:53:32 INFO  application.MyListener - The element --&gt; By.cssSelector: input[placeholder='description'] was found
20:53:33 INFO  application.MyListener - Start find element by --&gt; By.xpath: //h3
20:53:33 INFO  application.MyListener - The element --&gt; By.xpath: //h3 was found
============9874115632===============
20:53:33 INFO  tests.TestBase - End off method - addContactTestCSV
20:53:33 INFO  tests.TestBase - ==================================
20:53:33 INFO  tests.TestBase - Start on method - addContactTestCSV
20:53:33 INFO  tests.TestBase - Start test with Data - [Contact(name=Mosha, lastName=wrnaertn, email=kselon03@bk.ru, phone=1411567412, address=Haifa, description=friend)]
20:53:33 INFO  application.MyListener - Start find element by --&gt; By.xpath: //a[.='LOGIN']
20:53:36 INFO  application.MyListener - The element --&gt; By.xpath: //a[.='LOGIN'] was found
20:53:36 INFO  application.MyListener - Start find element by --&gt; By.xpath: //a[.='ADD']
20:53:36 INFO  application.MyListener - The element --&gt; By.xpath: //a[.='ADD'] was found
20:53:36 INFO  application.MyListener - Start find element by --&gt; By.cssSelector: input[placeholder='Name']
20:53:36 INFO  application.MyListener - The element --&gt; By.cssSelector: input[placeholder='Name'] was found
20:53:37 INFO  application.MyListener - Start find element by --&gt; By.cssSelector: input[placeholder='Last Name']
20:53:37 INFO  application.MyListener - The element --&gt; By.cssSelector: input[placeholder='Last Name'] was found
20:53:37 INFO  application.MyListener - Start find element by --&gt; By.cssSelector: input[placeholder='Phone']
20:53:37 INFO  application.MyListener - The element --&gt; By.cssSelector: input[placeholder='Phone'] was found
20:53:37 INFO  application.MyListener - Start find element by --&gt; By.cssSelector: input[placeholder='email']
20:53:37 INFO  application.MyListener - The element --&gt; By.cssSelector: input[placeholder='email'] was found
20:53:37 INFO  application.MyListener - Start find element by --&gt; By.cssSelector: input[placeholder='Address']
20:53:37 INFO  application.MyListener - The element --&gt; By.cssSelector: input[placeholder='Address'] was found
20:53:37 INFO  application.MyListener - Start find element by --&gt; By.cssSelector: input[placeholder='description']
20:53:37 INFO  application.MyListener - The element --&gt; By.cssSelector: input[placeholder='description'] was found
20:53:39 INFO  application.MyListener - Start find element by --&gt; By.xpath: //h3
20:53:39 INFO  application.MyListener - The element --&gt; By.xpath: //h3 was found
============1411567412===============
20:53:39 INFO  tests.TestBase - End off method - addContactTestCSV
20:53:39 INFO  tests.TestBase - ==================================
20:53:39 INFO  tests.TestBase - Start on method - addContactTestCSV
20:53:39 INFO  tests.TestBase - Start test with Data - [Contact(name=Gosha, lastName=gndgn, email=kselon04@bk.ru, phone=3245631125, address=Haifa, description=friend)]
20:53:39 INFO  application.MyListener - Start find element by --&gt; By.xpath: //a[.='LOGIN']
20:53:42 INFO  application.MyListener - The element --&gt; By.xpath: //a[.='LOGIN'] was found
20:53:42 INFO  application.MyListener - Start find element by --&gt; By.xpath: //a[.='ADD']
20:53:42 INFO  application.MyListener - The element --&gt; By.xpath: //a[.='ADD'] was found
20:53:42 INFO  application.MyListener - Start find element by --&gt; By.cssSelector: input[placeholder='Name']
20:53:42 INFO  application.MyListener - The element --&gt; By.cssSelector: input[placeholder='Name'] was found
20:53:42 INFO  application.MyListener - Start find element by --&gt; By.cssSelector: input[placeholder='Last Name']
20:53:42 INFO  application.MyListener - The element --&gt; By.cssSelector: input[placeholder='Last Name'] was found
20:53:42 INFO  application.MyListener - Start find element by --&gt; By.cssSelector: input[placeholder='Phone']
20:53:42 INFO  application.MyListener - The element --&gt; By.cssSelector: input[placeholder='Phone'] was found
20:53:43 INFO  application.MyListener - Start find element by --&gt; By.cssSelector: input[placeholder='email']
20:53:43 INFO  application.MyListener - The element --&gt; By.cssSelector: input[placeholder='email'] was found
20:53:43 INFO  application.MyListener - Start find element by --&gt; By.cssSelector: input[placeholder='Address']
20:53:43 INFO  application.MyListener - The element --&gt; By.cssSelector: input[placeholder='Address'] was found
20:53:43 INFO  application.MyListener - Start find element by --&gt; By.cssSelector: input[placeholder='description']
20:53:43 INFO  application.MyListener - The element --&gt; By.cssSelector: input[placeholder='description'] was found
20:53:44 INFO  application.MyListener - Start find element by --&gt; By.xpath: //h3
20:53:45 INFO  application.MyListener - The element --&gt; By.xpath: //h3 was found
============3245631125===============
20:53:45 INFO  tests.TestBase - End off method - addContactTestCSV
20:53:45 INFO  tests.TestBase - ==================================
20:53:45 INFO  tests.TestBase - Start on method - addContactTestCSV
20:53:45 INFO  tests.TestBase - Start test with Data - [Contact(name=Resae, lastName=aetnxf , email=kselon05@bk.ru, phone=1211452145, address=Haifa, description=friend)]
20:53:45 INFO  application.MyListener - Start find element by --&gt; By.xpath: //a[.='LOGIN']
20:53:48 INFO  application.MyListener - The element --&gt; By.xpath: //a[.='LOGIN'] was found
20:53:48 INFO  application.MyListener - Start find element by --&gt; By.xpath: //a[.='ADD']
20:53:48 INFO  application.MyListener - The element --&gt; By.xpath: //a[.='ADD'] was found
20:53:48 INFO  application.MyListener - Start find element by --&gt; By.cssSelector: input[placeholder='Name']
20:53:48 INFO  application.MyListener - The element --&gt; By.cssSelector: input[placeholder='Name'] was found
20:53:48 INFO  application.MyListener - Start find element by --&gt; By.cssSelector: input[placeholder='Last Name']
20:53:48 INFO  application.MyListener - The element --&gt; By.cssSelector: input[placeholder='Last Name'] was found
20:53:48 INFO  application.MyListener - Start find element by --&gt; By.cssSelector: input[placeholder='Phone']
20:53:48 INFO  application.MyListener - The element --&gt; By.cssSelector: input[placeholder='Phone'] was found
20:53:48 INFO  application.MyListener - Start find element by --&gt; By.cssSelector: input[placeholder='email']
20:53:48 INFO  application.MyListener - The element --&gt; By.cssSelector: input[placeholder='email'] was found
20:53:49 INFO  application.MyListener - Start find element by --&gt; By.cssSelector: input[placeholder='Address']
20:53:49 INFO  application.MyListener - The element --&gt; By.cssSelector: input[placeholder='Address'] was found
20:53:49 INFO  application.MyListener - Start find element by --&gt; By.cssSelector: input[placeholder='description']
20:53:49 INFO  application.MyListener - The element --&gt; By.cssSelector: input[placeholder='description'] was found
20:53:50 INFO  application.MyListener - Start find element by --&gt; By.xpath: //h3
20:53:50 INFO  application.MyListener - The element --&gt; By.xpath: //h3 was found
============1211452145===============
20:53:50 INFO  tests.TestBase - End off method - addContactTestCSV
20:53:50 INFO  tests.TestBase - ==================================
20:53:50 INFO  tests.TestBase - Start on method - addContactTestCSV
20:53:50 INFO  tests.TestBase - Start test with Data - [Contact(name=Trew, lastName=aweegear, email=kselon61@bk.ru, phone=9811569856, address=Haifa, description=friend)]
20:53:50 INFO  application.MyListener - Start find element by --&gt; By.xpath: //a[.='LOGIN']
20:53:53 INFO  application.MyListener - The element --&gt; By.xpath: //a[.='LOGIN'] was found
20:53:53 INFO  application.MyListener - Start find element by --&gt; By.xpath: //a[.='ADD']
20:53:54 INFO  application.MyListener - The element --&gt; By.xpath: //a[.='ADD'] was found
20:53:54 INFO  application.MyListener - Start find element by --&gt; By.cssSelector: input[placeholder='Name']
20:53:54 INFO  application.MyListener - The element --&gt; By.cssSelector: input[placeholder='Name'] was found
20:53:54 INFO  application.MyListener - Start find element by --&gt; By.cssSelector: input[placeholder='Last Name']
20:53:54 INFO  application.MyListener - The element --&gt; By.cssSelector: input[placeholder='Last Name'] was found
20:53:54 INFO  application.MyListener - Start find element by --&gt; By.cssSelector: input[placeholder='Phone']
20:53:54 INFO  application.MyListener - The element --&gt; By.cssSelector: input[placeholder='Phone'] was found
20:53:54 INFO  application.MyListener - Start find element by --&gt; By.cssSelector: input[placeholder='email']
20:53:54 INFO  application.MyListener - The element --&gt; By.cssSelector: input[placeholder='email'] was found
20:53:54 INFO  application.MyListener - Start find element by --&gt; By.cssSelector: input[placeholder='Address']
20:53:54 INFO  application.MyListener - The element --&gt; By.cssSelector: input[placeholder='Address'] was found
20:53:54 INFO  application.MyListener - Start find element by --&gt; By.cssSelector: input[placeholder='description']
20:53:55 INFO  application.MyListener - The element --&gt; By.cssSelector: input[placeholder='description'] was found
20:53:56 INFO  application.MyListener - Start find element by --&gt; By.xpath: //h3
20:53:56 INFO  application.MyListener - The element --&gt; By.xpath: //h3 was found
============9811569856===============
20:53:56 INFO  tests.TestBase - End off method - addContactTestCSV
20:53:56 INFO  tests.TestBase - ==================================
20:53:56 INFO  tests.TestBase - Start on method - addContactTestCSV
20:53:56 INFO  tests.TestBase - Start test with Data - [Contact(name=John, lastName=zdgWEg, email=kselon07@bk.ru, phone=6587114521, address=Haifa, description=friend)]
20:53:56 INFO  application.MyListener - Start find element by --&gt; By.xpath: //a[.='LOGIN']
20:53:59 INFO  application.MyListener - The element --&gt; By.xpath: //a[.='LOGIN'] was found
20:53:59 INFO  application.MyListener - Start find element by --&gt; By.xpath: //a[.='ADD']
20:53:59 INFO  application.MyListener - The element --&gt; By.xpath: //a[.='ADD'] was found
20:53:59 INFO  application.MyListener - Start find element by --&gt; By.cssSelector: input[placeholder='Name']
20:53:59 INFO  application.MyListener - The element --&gt; By.cssSelector: input[placeholder='Name'] was found
20:53:59 INFO  application.MyListener - Start find element by --&gt; By.cssSelector: input[placeholder='Last Name']
20:53:59 INFO  application.MyListener - The element --&gt; By.cssSelector: input[placeholder='Last Name'] was found
20:54:00 INFO  application.MyListener - Start find element by --&gt; By.cssSelector: input[placeholder='Phone']
20:54:00 INFO  application.MyListener - The element --&gt; By.cssSelector: input[placeholder='Phone'] was found
20:54:00 INFO  application.MyListener - Start find element by --&gt; By.cssSelector: input[placeholder='email']
20:54:00 INFO  application.MyListener - The element --&gt; By.cssSelector: input[placeholder='email'] was found
20:54:00 INFO  application.MyListener - Start find element by --&gt; By.cssSelector: input[placeholder='Address']
20:54:00 INFO  application.MyListener - The element --&gt; By.cssSelector: input[placeholder='Address'] was found
20:54:00 INFO  application.MyListener - Start find element by --&gt; By.cssSelector: input[placeholder='description']
20:54:00 INFO  application.MyListener - The element --&gt; By.cssSelector: input[placeholder='description'] was found
20:54:01 INFO  application.MyListener - Start find element by --&gt; By.xpath: //h3
20:54:02 INFO  application.MyListener - The element --&gt; By.xpath: //h3 was found
============6587114521===============
20:54:02 INFO  tests.TestBase - End off method - addContactTestCSV
20:54:02 INFO  tests.TestBase - ==================================
20:54:02 INFO  tests.TestBase - Start on method - addContactTestCSV
20:54:02 INFO  tests.TestBase - Start test with Data - [Contact(name=Jane, lastName=ezrneren, email=kselon08@bk.ru, phone=1211589654, address=Haifa, description=friend)]
20:54:02 INFO  application.MyListener - Start find element by --&gt; By.xpath: //a[.='LOGIN']
20:54:05 INFO  application.MyListener - The element --&gt; By.xpath: //a[.='LOGIN'] was found
20:54:05 INFO  application.MyListener - Start find element by --&gt; By.xpath: //a[.='ADD']
20:54:05 INFO  application.MyListener - The element --&gt; By.xpath: //a[.='ADD'] was found
20:54:05 INFO  application.MyListener - Start find element by --&gt; By.cssSelector: input[placeholder='Name']
20:54:05 INFO  application.MyListener - The element --&gt; By.cssSelector: input[placeholder='Name'] was found
20:54:05 INFO  application.MyListener - Start find element by --&gt; By.cssSelector: input[placeholder='Last Name']
20:54:05 INFO  application.MyListener - The element --&gt; By.cssSelector: input[placeholder='Last Name'] was found
20:54:05 INFO  application.MyListener - Start find element by --&gt; By.cssSelector: input[placeholder='Phone']
20:54:05 INFO  application.MyListener - The element --&gt; By.cssSelector: input[placeholder='Phone'] was found
20:54:06 INFO  application.MyListener - Start find element by --&gt; By.cssSelector: input[placeholder='email']
20:54:06 INFO  application.MyListener - The element --&gt; By.cssSelector: input[placeholder='email'] was found
20:54:06 INFO  application.MyListener - Start find element by --&gt; By.cssSelector: input[placeholder='Address']
20:54:06 INFO  application.MyListener - The element --&gt; By.cssSelector: input[placeholder='Address'] was found
20:54:06 INFO  application.MyListener - Start find element by --&gt; By.cssSelector: input[placeholder='description']
20:54:06 INFO  application.MyListener - The element --&gt; By.cssSelector: input[placeholder='description'] was found
20:54:07 INFO  application.MyListener - Start find element by --&gt; By.xpath: //h3
20:54:08 INFO  application.MyListener - The element --&gt; By.xpath: //h3 was found
============1211589654===============
20:54:08 INFO  tests.TestBase - End off method - addContactTestCSV
20:54:08 INFO  tests.TestBase - ==================================
20:54:08 INFO  tests.TestBase - Start on method - addContactTestCSV
20:54:08 INFO  tests.TestBase - Start test with Data - [Contact(name=Mila, lastName=rehaeerh, email=kselon91@bk.ru, phone=1241156987, address=Haifa, description=friend)]
20:54:08 INFO  application.MyListener - Start find element by --&gt; By.xpath: //a[.='LOGIN']
20:54:11 INFO  application.MyListener - The element --&gt; By.xpath: //a[.='LOGIN'] was found
20:54:11 INFO  application.MyListener - Start find element by --&gt; By.xpath: //a[.='ADD']
20:54:11 INFO  application.MyListener - The element --&gt; By.xpath: //a[.='ADD'] was found
20:54:11 INFO  application.MyListener - Start find element by --&gt; By.cssSelector: input[placeholder='Name']
20:54:11 INFO  application.MyListener - The element --&gt; By.cssSelector: input[placeholder='Name'] was found
20:54:11 INFO  application.MyListener - Start find element by --&gt; By.cssSelector: input[placeholder='Last Name']
20:54:11 INFO  application.MyListener - The element --&gt; By.cssSelector: input[placeholder='Last Name'] was found
20:54:11 INFO  application.MyListener - Start find element by --&gt; By.cssSelector: input[placeholder='Phone']
20:54:11 INFO  application.MyListener - The element --&gt; By.cssSelector: input[placeholder='Phone'] was found
20:54:11 INFO  application.MyListener - Start find element by --&gt; By.cssSelector: input[placeholder='email']
20:54:11 INFO  application.MyListener - The element --&gt; By.cssSelector: input[placeholder='email'] was found
20:54:12 INFO  application.MyListener - Start find element by --&gt; By.cssSelector: input[placeholder='Address']
20:54:12 INFO  application.MyListener - The element --&gt; By.cssSelector: input[placeholder='Address'] was found
20:54:12 INFO  application.MyListener - Start find element by --&gt; By.cssSelector: input[placeholder='description']
20:54:12 INFO  application.MyListener - The element --&gt; By.cssSelector: input[placeholder='description'] was found
20:54:13 INFO  application.MyListener - Start find element by --&gt; By.xpath: //h3
20:54:16 INFO  application.MyListener - The element --&gt; By.xpath: //h3 was found
20:54:16 INFO  tests.TestBase - End off method - addContactTestCSV
20:54:16 INFO  tests.TestBase - ==================================
20:54:16 INFO  tests.TestBase - Start on method - addContactTestDataProvider
20:54:16 INFO  tests.TestBase - Start test with Data - [Masha, Qwerty, 1234512678, kselon01@bk.ru, Haifa, friend]
20:54:16 INFO  application.MyListener - Start find element by --&gt; By.xpath: //a[.='LOGIN']
20:54:19 INFO  application.MyListener - The element --&gt; By.xpath: //a[.='LOGIN'] was found
20:54:19 INFO  application.MyListener - Start find element by --&gt; By.xpath: //a[.='ADD']
20:54:19 INFO  application.MyListener - The element --&gt; By.xpath: //a[.='ADD'] was found
20:54:19 INFO  application.MyListener - Start find element by --&gt; By.cssSelector: input[placeholder='Name']
20:54:19 INFO  application.MyListener - The element --&gt; By.cssSelector: input[placeholder='Name'] was found
20:54:19 INFO  application.MyListener - Start find element by --&gt; By.cssSelector: input[placeholder='Last Name']
20:54:19 INFO  application.MyListener - The element --&gt; By.cssSelector: input[placeholder='Last Name'] was found
20:54:19 INFO  application.MyListener - Start find element by --&gt; By.cssSelector: input[placeholder='Phone']
20:54:20 INFO  application.MyListener - The element --&gt; By.cssSelector: input[placeholder='Phone'] was found
20:54:20 INFO  application.MyListener - Start find element by --&gt; By.cssSelector: input[placeholder='email']
20:54:20 INFO  application.MyListener - The element --&gt; By.cssSelector: input[placeholder='email'] was found
20:54:20 INFO  application.MyListener - Start find element by --&gt; By.cssSelector: input[placeholder='Address']
20:54:20 INFO  application.MyListener - The element --&gt; By.cssSelector: input[placeholder='Address'] was found
20:54:20 INFO  application.MyListener - Start find element by --&gt; By.cssSelector: input[placeholder='description']
20:54:20 INFO  application.MyListener - The element --&gt; By.cssSelector: input[placeholder='description'] was found
20:54:21 INFO  application.MyListener - Start find element by --&gt; By.xpath: //h3
20:54:24 INFO  application.MyListener - The element --&gt; By.xpath: //h3 was found
20:54:24 INFO  tests.TestBase - End off method - addContactTestDataProvider
20:54:24 INFO  tests.TestBase - ==================================
20:54:24 INFO  tests.TestBase - Start on method - addContactTestDataProvider
20:54:24 INFO  tests.TestBase - Start test with Data - [Sasha, Asdfgh, 9872115632, kselon02@bk.ru, Haifa, friend]
20:54:24 INFO  application.MyListener - Start find element by --&gt; By.xpath: //a[.='LOGIN']
20:54:27 INFO  application.MyListener - The element --&gt; By.xpath: //a[.='LOGIN'] was found
20:54:27 INFO  application.MyListener - Start find element by --&gt; By.xpath: //a[.='ADD']
20:54:27 INFO  application.MyListener - The element --&gt; By.xpath: //a[.='ADD'] was found
20:54:27 INFO  application.MyListener - Start find element by --&gt; By.cssSelector: input[placeholder='Name']
20:54:27 INFO  application.MyListener - The element --&gt; By.cssSelector: input[placeholder='Name'] was found
20:54:28 INFO  application.MyListener - Start find element by --&gt; By.cssSelector: input[placeholder='Last Name']
20:54:28 INFO  application.MyListener - The element --&gt; By.cssSelector: input[placeholder='Last Name'] was found
20:54:28 INFO  application.MyListener - Start find element by --&gt; By.cssSelector: input[placeholder='Phone']
20:54:28 INFO  application.MyListener - The element --&gt; By.cssSelector: input[placeholder='Phone'] was found
20:54:28 INFO  application.MyListener - Start find element by --&gt; By.cssSelector: input[placeholder='email']
20:54:28 INFO  application.MyListener - The element --&gt; By.cssSelector: input[placeholder='email'] was found
20:54:28 INFO  application.MyListener - Start find element by --&gt; By.cssSelector: input[placeholder='Address']
20:54:28 INFO  application.MyListener - The element --&gt; By.cssSelector: input[placeholder='Address'] was found
20:54:29 INFO  application.MyListener - Start find element by --&gt; By.cssSelector: input[placeholder='description']
20:54:29 INFO  application.MyListener - The element --&gt; By.cssSelector: input[placeholder='description'] was found
20:54:30 INFO  application.MyListener - Start find element by --&gt; By.xpath: //h3
20:54:33 INFO  application.MyListener - The element --&gt; By.xpath: //h3 was found
20:54:33 INFO  tests.TestBase - End off method - addContactTestDataProvider
20:54:33 INFO  tests.TestBase - ==================================
20:54:33 INFO  tests.TestBase - Start on method - addContactTestDataProvider
20:54:33 INFO  tests.TestBase - Start test with Data - [Mosha, wrnaertn, 1211567412, kselon03@bk.ru, Haifa, friend]
20:54:33 INFO  application.MyListener - Start find element by --&gt; By.xpath: //a[.='LOGIN']
20:54:36 INFO  application.MyListener - The element --&gt; By.xpath: //a[.='LOGIN'] was found
20:54:36 INFO  application.MyListener - Start find element by --&gt; By.xpath: //a[.='ADD']
20:54:36 INFO  application.MyListener - The element --&gt; By.xpath: //a[.='ADD'] was found
20:54:36 INFO  application.MyListener - Start find element by --&gt; By.cssSelector: input[placeholder='Name']
20:54:36 INFO  application.MyListener - The element --&gt; By.cssSelector: input[placeholder='Name'] was found
20:54:36 INFO  application.MyListener - Start find element by --&gt; By.cssSelector: input[placeholder='Last Name']
20:54:36 INFO  application.MyListener - The element --&gt; By.cssSelector: input[placeholder='Last Name'] was found
20:54:36 INFO  application.MyListener - Start find element by --&gt; By.cssSelector: input[placeholder='Phone']
20:54:36 INFO  application.MyListener - The element --&gt; By.cssSelector: input[placeholder='Phone'] was found
20:54:36 INFO  application.MyListener - Start find element by --&gt; By.cssSelector: input[placeholder='email']
20:54:36 INFO  application.MyListener - The element --&gt; By.cssSelector: input[placeholder='email'] was found
20:54:37 INFO  application.MyListener - Start find element by --&gt; By.cssSelector: input[placeholder='Address']
20:54:37 INFO  application.MyListener - The element --&gt; By.cssSelector: input[placeholder='Address'] was found
20:54:37 INFO  application.MyListener - Start find element by --&gt; By.cssSelector: input[placeholder='description']
20:54:37 INFO  application.MyListener - The element --&gt; By.cssSelector: input[placeholder='description'] was found
20:54:38 INFO  application.MyListener - Start find element by --&gt; By.xpath: //h3
20:54:41 INFO  application.MyListener - The element --&gt; By.xpath: //h3 was found
20:54:41 INFO  tests.TestBase - End off method - addContactTestDataProvider
</pre>
</span>
</div>
</div>
<div id="footer">
<p>
<div>
<label class="hidden" id="label-for-line-wrapping-toggle" for="line-wrapping-toggle">Wrap lines
<input id="line-wrapping-toggle" type="checkbox" autocomplete="off"/>
</label>
</div>Generated by 
<a href="http://www.gradle.org">Gradle 6.8</a> at Aug 14, 2021, 8:54:55 PM</p>
</div>
</div>
</body>
</html>
