<?xml version="1.0" encoding="UTF-8"?>
<testsuite name="tests.AddContactTest" tests="9" skipped="0" failures="3" errors="0" timestamp="2021-10-03T11:41:04" hostname="DESKTOP-V8HD5F2" time="57.15">
  <properties/>
  <testcase name="addContactTestCSV[0](Contact(name=Masha, lastName=Qwerty, email=kselon01@bk.ru, phone=1234511678, address=Haifa, description=friend))" classname="tests.AddContactTest" time="2.892"/>
  <testcase name="addContactTestCSV[1](Contact(name=Sasha, lastName=Asdfgh, email=kselon02@bk.ru, phone=9874115632, address=Haifa, description=friend))" classname="tests.AddContactTest" time="3.008"/>
  <testcase name="addContactTestCSV[2](Contact(name=Mosha, lastName=wrnaertn, email=kselon03@bk.ru, phone=1411567412, address=Haifa, description=friend))" classname="tests.AddContactTest" time="5.311">
    <failure message="java.lang.AssertionError: expected [true] but found [false]" type="java.lang.AssertionError">java.lang.AssertionError: expected [true] but found [false]
	at org.testng.Assert.fail(Assert.java:97)
	at org.testng.Assert.failNotEquals(Assert.java:969)
	at org.testng.Assert.assertTrue(Assert.java:43)
	at org.testng.Assert.assertTrue(Assert.java:53)
	at tests.AddContactTest.addContactTestCSV(AddContactTest.java:44)
	at java.base/jdk.internal.reflect.NativeMethodAccessorImpl.invoke0(Native Method)
	at java.base/jdk.internal.reflect.NativeMethodAccessorImpl.invoke(NativeMethodAccessorImpl.java:62)
	at java.base/jdk.internal.reflect.DelegatingMethodAccessorImpl.invoke(DelegatingMethodAccessorImpl.java:43)
	at java.base/java.lang.reflect.Method.invoke(Method.java:566)
	at org.testng.internal.MethodInvocationHelper.invokeMethod(MethodInvocationHelper.java:134)
	at org.testng.internal.TestInvoker.invokeMethod(TestInvoker.java:597)
	at org.testng.internal.TestInvoker.invokeTestMethod(TestInvoker.java:173)
	at org.testng.internal.MethodRunner.runInSequence(MethodRunner.java:46)
	at org.testng.internal.TestInvoker$MethodInvocationAgent.invoke(TestInvoker.java:816)
	at org.testng.internal.TestInvoker.invokeTestMethods(TestInvoker.java:146)
	at org.testng.internal.TestMethodWorker.invokeTestMethods(TestMethodWorker.java:146)
	at org.testng.internal.TestMethodWorker.run(TestMethodWorker.java:128)
	at java.base/java.util.ArrayList.forEach(ArrayList.java:1541)
	at org.testng.TestRunner.privateRun(TestRunner.java:766)
	at org.testng.TestRunner.run(TestRunner.java:587)
	at org.testng.SuiteRunner.runTest(SuiteRunner.java:384)
	at org.testng.SuiteRunner.runSequentially(SuiteRunner.java:378)
	at org.testng.SuiteRunner.privateRun(SuiteRunner.java:337)
	at org.testng.SuiteRunner.run(SuiteRunner.java:286)
	at org.testng.SuiteRunnerWorker.runSuite(SuiteRunnerWorker.java:53)
	at org.testng.SuiteRunnerWorker.run(SuiteRunnerWorker.java:96)
	at org.testng.TestNG.runSuitesSequentially(TestNG.java:1187)
	at org.testng.TestNG.runSuitesLocally(TestNG.java:1109)
	at org.testng.TestNG.runSuites(TestNG.java:1039)
	at org.testng.TestNG.run(TestNG.java:1007)
	at org.gradle.api.internal.tasks.testing.testng.TestNGTestClassProcessor.runTests(TestNGTestClassProcessor.java:141)
	at org.gradle.api.internal.tasks.testing.testng.TestNGTestClassProcessor.stop(TestNGTestClassProcessor.java:90)
	at org.gradle.api.internal.tasks.testing.SuiteTestClassProcessor.stop(SuiteTestClassProcessor.java:61)
	at java.base/jdk.internal.reflect.NativeMethodAccessorImpl.invoke0(Native Method)
	at java.base/jdk.internal.reflect.NativeMethodAccessorImpl.invoke(NativeMethodAccessorImpl.java:62)
	at java.base/jdk.internal.reflect.DelegatingMethodAccessorImpl.invoke(DelegatingMethodAccessorImpl.java:43)
	at java.base/java.lang.reflect.Method.invoke(Method.java:566)
	at org.gradle.internal.dispatch.ReflectionDispatch.dispatch(ReflectionDispatch.java:36)
	at org.gradle.internal.dispatch.ReflectionDispatch.dispatch(ReflectionDispatch.java:24)
	at org.gradle.internal.dispatch.ContextClassLoaderDispatch.dispatch(ContextClassLoaderDispatch.java:33)
	at org.gradle.internal.dispatch.ProxyDispatchAdapter$DispatchingInvocationHandler.invoke(ProxyDispatchAdapter.java:94)
	at com.sun.proxy.$Proxy2.stop(Unknown Source)
	at org.gradle.api.internal.tasks.testing.worker.TestWorker.stop(TestWorker.java:133)
	at java.base/jdk.internal.reflect.NativeMethodAccessorImpl.invoke0(Native Method)
	at java.base/jdk.internal.reflect.NativeMethodAccessorImpl.invoke(NativeMethodAccessorImpl.java:62)
	at java.base/jdk.internal.reflect.DelegatingMethodAccessorImpl.invoke(DelegatingMethodAccessorImpl.java:43)
	at java.base/java.lang.reflect.Method.invoke(Method.java:566)
	at org.gradle.internal.dispatch.ReflectionDispatch.dispatch(ReflectionDispatch.java:36)
	at org.gradle.internal.dispatch.ReflectionDispatch.dispatch(ReflectionDispatch.java:24)
	at org.gradle.internal.remote.internal.hub.MessageHubBackedObjectConnection$DispatchWrapper.dispatch(MessageHubBackedObjectConnection.java:182)
	at org.gradle.internal.remote.internal.hub.MessageHubBackedObjectConnection$DispatchWrapper.dispatch(MessageHubBackedObjectConnection.java:164)
	at org.gradle.internal.remote.internal.hub.MessageHub$Handler.run(MessageHub.java:414)
	at org.gradle.internal.concurrent.ExecutorPolicy$CatchAndRecordFailures.onExecute(ExecutorPolicy.java:64)
	at org.gradle.internal.concurrent.ManagedExecutorImpl$1.run(ManagedExecutorImpl.java:48)
	at java.base/java.util.concurrent.ThreadPoolExecutor.runWorker(ThreadPoolExecutor.java:1128)
	at java.base/java.util.concurrent.ThreadPoolExecutor$Worker.run(ThreadPoolExecutor.java:628)
	at org.gradle.internal.concurrent.ThreadFactoryImpl$ManagedThreadRunnable.run(ThreadFactoryImpl.java:56)
	at java.base/java.lang.Thread.run(Thread.java:834)
</failure>
  </testcase>
  <testcase name="addContactTestCSV[3](Contact(name=Gosha, lastName=gndgn, email=kselon04@bk.ru, phone=3245631125, address=Haifa, description=friend))" classname="tests.AddContactTest" time="2.641"/>
  <testcase name="addContactTestCSV[4](Contact(name=Resae, lastName=aetnxf , email=kselon05@bk.ru, phone=1211452145, address=Haifa, description=friend))" classname="tests.AddContactTest" time="5.367">
    <failure message="java.lang.AssertionError: expected [true] but found [false]" type="java.lang.AssertionError">java.lang.AssertionError: expected [true] but found [false]
	at org.testng.Assert.fail(Assert.java:97)
	at org.testng.Assert.failNotEquals(Assert.java:969)
	at org.testng.Assert.assertTrue(Assert.java:43)
	at org.testng.Assert.assertTrue(Assert.java:53)
	at tests.AddContactTest.addContactTestCSV(AddContactTest.java:44)
	at java.base/jdk.internal.reflect.NativeMethodAccessorImpl.invoke0(Native Method)
	at java.base/jdk.internal.reflect.NativeMethodAccessorImpl.invoke(NativeMethodAccessorImpl.java:62)
	at java.base/jdk.internal.reflect.DelegatingMethodAccessorImpl.invoke(DelegatingMethodAccessorImpl.java:43)
	at java.base/java.lang.reflect.Method.invoke(Method.java:566)
	at org.testng.internal.MethodInvocationHelper.invokeMethod(MethodInvocationHelper.java:134)
	at org.testng.internal.TestInvoker.invokeMethod(TestInvoker.java:597)
	at org.testng.internal.TestInvoker.invokeTestMethod(TestInvoker.java:173)
	at org.testng.internal.MethodRunner.runInSequence(MethodRunner.java:46)
	at org.testng.internal.TestInvoker$MethodInvocationAgent.invoke(TestInvoker.java:816)
	at org.testng.internal.TestInvoker.invokeTestMethods(TestInvoker.java:146)
	at org.testng.internal.TestMethodWorker.invokeTestMethods(TestMethodWorker.java:146)
	at org.testng.internal.TestMethodWorker.run(TestMethodWorker.java:128)
	at java.base/java.util.ArrayList.forEach(ArrayList.java:1541)
	at org.testng.TestRunner.privateRun(TestRunner.java:766)
	at org.testng.TestRunner.run(TestRunner.java:587)
	at org.testng.SuiteRunner.runTest(SuiteRunner.java:384)
	at org.testng.SuiteRunner.runSequentially(SuiteRunner.java:378)
	at org.testng.SuiteRunner.privateRun(SuiteRunner.java:337)
	at org.testng.SuiteRunner.run(SuiteRunner.java:286)
	at org.testng.SuiteRunnerWorker.runSuite(SuiteRunnerWorker.java:53)
	at org.testng.SuiteRunnerWorker.run(SuiteRunnerWorker.java:96)
	at org.testng.TestNG.runSuitesSequentially(TestNG.java:1187)
	at org.testng.TestNG.runSuitesLocally(TestNG.java:1109)
	at org.testng.TestNG.runSuites(TestNG.java:1039)
	at org.testng.TestNG.run(TestNG.java:1007)
	at org.gradle.api.internal.tasks.testing.testng.TestNGTestClassProcessor.runTests(TestNGTestClassProcessor.java:141)
	at org.gradle.api.internal.tasks.testing.testng.TestNGTestClassProcessor.stop(TestNGTestClassProcessor.java:90)
	at org.gradle.api.internal.tasks.testing.SuiteTestClassProcessor.stop(SuiteTestClassProcessor.java:61)
	at java.base/jdk.internal.reflect.NativeMethodAccessorImpl.invoke0(Native Method)
	at java.base/jdk.internal.reflect.NativeMethodAccessorImpl.invoke(NativeMethodAccessorImpl.java:62)
	at java.base/jdk.internal.reflect.DelegatingMethodAccessorImpl.invoke(DelegatingMethodAccessorImpl.java:43)
	at java.base/java.lang.reflect.Method.invoke(Method.java:566)
	at org.gradle.internal.dispatch.ReflectionDispatch.dispatch(ReflectionDispatch.java:36)
	at org.gradle.internal.dispatch.ReflectionDispatch.dispatch(ReflectionDispatch.java:24)
	at org.gradle.internal.dispatch.ContextClassLoaderDispatch.dispatch(ContextClassLoaderDispatch.java:33)
	at org.gradle.internal.dispatch.ProxyDispatchAdapter$DispatchingInvocationHandler.invoke(ProxyDispatchAdapter.java:94)
	at com.sun.proxy.$Proxy2.stop(Unknown Source)
	at org.gradle.api.internal.tasks.testing.worker.TestWorker.stop(TestWorker.java:133)
	at java.base/jdk.internal.reflect.NativeMethodAccessorImpl.invoke0(Native Method)
	at java.base/jdk.internal.reflect.NativeMethodAccessorImpl.invoke(NativeMethodAccessorImpl.java:62)
	at java.base/jdk.internal.reflect.DelegatingMethodAccessorImpl.invoke(DelegatingMethodAccessorImpl.java:43)
	at java.base/java.lang.reflect.Method.invoke(Method.java:566)
	at org.gradle.internal.dispatch.ReflectionDispatch.dispatch(ReflectionDispatch.java:36)
	at org.gradle.internal.dispatch.ReflectionDispatch.dispatch(ReflectionDispatch.java:24)
	at org.gradle.internal.remote.internal.hub.MessageHubBackedObjectConnection$DispatchWrapper.dispatch(MessageHubBackedObjectConnection.java:182)
	at org.gradle.internal.remote.internal.hub.MessageHubBackedObjectConnection$DispatchWrapper.dispatch(MessageHubBackedObjectConnection.java:164)
	at org.gradle.internal.remote.internal.hub.MessageHub$Handler.run(MessageHub.java:414)
	at org.gradle.internal.concurrent.ExecutorPolicy$CatchAndRecordFailures.onExecute(ExecutorPolicy.java:64)
	at org.gradle.internal.concurrent.ManagedExecutorImpl$1.run(ManagedExecutorImpl.java:48)
	at java.base/java.util.concurrent.ThreadPoolExecutor.runWorker(ThreadPoolExecutor.java:1128)
	at java.base/java.util.concurrent.ThreadPoolExecutor$Worker.run(ThreadPoolExecutor.java:628)
	at org.gradle.internal.concurrent.ThreadFactoryImpl$ManagedThreadRunnable.run(ThreadFactoryImpl.java:56)
	at java.base/java.lang.Thread.run(Thread.java:834)
</failure>
  </testcase>
  <testcase name="addContactTestCSV[5](Contact(name=Trew, lastName=aweegear, email=kselon61@bk.ru, phone=9811569856, address=Haifa, description=friend))" classname="tests.AddContactTest" time="2.677"/>
  <testcase name="addContactTestCSV[6](Contact(name=John, lastName=zdgWEg, email=kselon07@bk.ru, phone=6587114521, address=Haifa, description=friend))" classname="tests.AddContactTest" time="5.43">
    <failure message="java.lang.AssertionError: expected [true] but found [false]" type="java.lang.AssertionError">java.lang.AssertionError: expected [true] but found [false]
	at org.testng.Assert.fail(Assert.java:97)
	at org.testng.Assert.failNotEquals(Assert.java:969)
	at org.testng.Assert.assertTrue(Assert.java:43)
	at org.testng.Assert.assertTrue(Assert.java:53)
	at tests.AddContactTest.addContactTestCSV(AddContactTest.java:44)
	at java.base/jdk.internal.reflect.NativeMethodAccessorImpl.invoke0(Native Method)
	at java.base/jdk.internal.reflect.NativeMethodAccessorImpl.invoke(NativeMethodAccessorImpl.java:62)
	at java.base/jdk.internal.reflect.DelegatingMethodAccessorImpl.invoke(DelegatingMethodAccessorImpl.java:43)
	at java.base/java.lang.reflect.Method.invoke(Method.java:566)
	at org.testng.internal.MethodInvocationHelper.invokeMethod(MethodInvocationHelper.java:134)
	at org.testng.internal.TestInvoker.invokeMethod(TestInvoker.java:597)
	at org.testng.internal.TestInvoker.invokeTestMethod(TestInvoker.java:173)
	at org.testng.internal.MethodRunner.runInSequence(MethodRunner.java:46)
	at org.testng.internal.TestInvoker$MethodInvocationAgent.invoke(TestInvoker.java:816)
	at org.testng.internal.TestInvoker.invokeTestMethods(TestInvoker.java:146)
	at org.testng.internal.TestMethodWorker.invokeTestMethods(TestMethodWorker.java:146)
	at org.testng.internal.TestMethodWorker.run(TestMethodWorker.java:128)
	at java.base/java.util.ArrayList.forEach(ArrayList.java:1541)
	at org.testng.TestRunner.privateRun(TestRunner.java:766)
	at org.testng.TestRunner.run(TestRunner.java:587)
	at org.testng.SuiteRunner.runTest(SuiteRunner.java:384)
	at org.testng.SuiteRunner.runSequentially(SuiteRunner.java:378)
	at org.testng.SuiteRunner.privateRun(SuiteRunner.java:337)
	at org.testng.SuiteRunner.run(SuiteRunner.java:286)
	at org.testng.SuiteRunnerWorker.runSuite(SuiteRunnerWorker.java:53)
	at org.testng.SuiteRunnerWorker.run(SuiteRunnerWorker.java:96)
	at org.testng.TestNG.runSuitesSequentially(TestNG.java:1187)
	at org.testng.TestNG.runSuitesLocally(TestNG.java:1109)
	at org.testng.TestNG.runSuites(TestNG.java:1039)
	at org.testng.TestNG.run(TestNG.java:1007)
	at org.gradle.api.internal.tasks.testing.testng.TestNGTestClassProcessor.runTests(TestNGTestClassProcessor.java:141)
	at org.gradle.api.internal.tasks.testing.testng.TestNGTestClassProcessor.stop(TestNGTestClassProcessor.java:90)
	at org.gradle.api.internal.tasks.testing.SuiteTestClassProcessor.stop(SuiteTestClassProcessor.java:61)
	at java.base/jdk.internal.reflect.NativeMethodAccessorImpl.invoke0(Native Method)
	at java.base/jdk.internal.reflect.NativeMethodAccessorImpl.invoke(NativeMethodAccessorImpl.java:62)
	at java.base/jdk.internal.reflect.DelegatingMethodAccessorImpl.invoke(DelegatingMethodAccessorImpl.java:43)
	at java.base/java.lang.reflect.Method.invoke(Method.java:566)
	at org.gradle.internal.dispatch.ReflectionDispatch.dispatch(ReflectionDispatch.java:36)
	at org.gradle.internal.dispatch.ReflectionDispatch.dispatch(ReflectionDispatch.java:24)
	at org.gradle.internal.dispatch.ContextClassLoaderDispatch.dispatch(ContextClassLoaderDispatch.java:33)
	at org.gradle.internal.dispatch.ProxyDispatchAdapter$DispatchingInvocationHandler.invoke(ProxyDispatchAdapter.java:94)
	at com.sun.proxy.$Proxy2.stop(Unknown Source)
	at org.gradle.api.internal.tasks.testing.worker.TestWorker.stop(TestWorker.java:133)
	at java.base/jdk.internal.reflect.NativeMethodAccessorImpl.invoke0(Native Method)
	at java.base/jdk.internal.reflect.NativeMethodAccessorImpl.invoke(NativeMethodAccessorImpl.java:62)
	at java.base/jdk.internal.reflect.DelegatingMethodAccessorImpl.invoke(DelegatingMethodAccessorImpl.java:43)
	at java.base/java.lang.reflect.Method.invoke(Method.java:566)
	at org.gradle.internal.dispatch.ReflectionDispatch.dispatch(ReflectionDispatch.java:36)
	at org.gradle.internal.dispatch.ReflectionDispatch.dispatch(ReflectionDispatch.java:24)
	at org.gradle.internal.remote.internal.hub.MessageHubBackedObjectConnection$DispatchWrapper.dispatch(MessageHubBackedObjectConnection.java:182)
	at org.gradle.internal.remote.internal.hub.MessageHubBackedObjectConnection$DispatchWrapper.dispatch(MessageHubBackedObjectConnection.java:164)
	at org.gradle.internal.remote.internal.hub.MessageHub$Handler.run(MessageHub.java:414)
	at org.gradle.internal.concurrent.ExecutorPolicy$CatchAndRecordFailures.onExecute(ExecutorPolicy.java:64)
	at org.gradle.internal.concurrent.ManagedExecutorImpl$1.run(ManagedExecutorImpl.java:48)
	at java.base/java.util.concurrent.ThreadPoolExecutor.runWorker(ThreadPoolExecutor.java:1128)
	at java.base/java.util.concurrent.ThreadPoolExecutor$Worker.run(ThreadPoolExecutor.java:628)
	at org.gradle.internal.concurrent.ThreadFactoryImpl$ManagedThreadRunnable.run(ThreadFactoryImpl.java:56)
	at java.base/java.lang.Thread.run(Thread.java:834)
</failure>
  </testcase>
  <testcase name="addContactTestCSV[7](Contact(name=Jane, lastName=ezrneren, email=kselon08@bk.ru, phone=1211589654, address=Haifa, description=friend))" classname="tests.AddContactTest" time="2.725"/>
  <testcase name="addContactTestCSV[8](Contact(name=Mila, lastName=rehaeerh, email=kselon91@bk.ru, phone=1241156987, address=Haifa, description=friend))" classname="tests.AddContactTest" time="2.798"/>
  <system-out><![CDATA[14:41:02 INFO  tests.TestBase - ==================================
14:41:02 INFO  tests.TestBase - Start on method - addContactTestCSV
14:41:02 INFO  tests.TestBase - Start test with Data - [Contact(name=Masha, lastName=Qwerty, email=kselon01@bk.ru, phone=1234511678, address=Haifa, description=friend)]
14:41:02 INFO  application.MyListener - Start find element by --> By.xpath: //a[.='LOGIN']
14:41:02 INFO  application.MyListener - The element --> By.xpath: //a[.='LOGIN'] was found
14:41:02 INFO  application.MyListener - Start find element by --> By.xpath: //a[.='LOGIN']
14:41:02 INFO  application.MyListener - The element --> By.xpath: //a[.='LOGIN'] was found
14:41:02 INFO  application.MyListener - Start find element by --> By.xpath: //a[.='LOGIN']
14:41:02 INFO  application.MyListener - The element --> By.xpath: //a[.='LOGIN'] was found
14:41:02 INFO  application.MyListener - Start find element by --> By.xpath: //input[@placeholder='Email']
14:41:02 INFO  application.MyListener - The element --> By.xpath: //input[@placeholder='Email'] was found
14:41:02 INFO  application.MyListener - Start find element by --> By.xpath: //input[@placeholder='Password']
14:41:02 INFO  application.MyListener - The element --> By.xpath: //input[@placeholder='Password'] was found
14:41:03 INFO  application.MyListener - Start find element by --> By.xpath: //button[.=' Login']
14:41:03 INFO  application.MyListener - The element --> By.xpath: //button[.=' Login'] was found
14:41:04 INFO  application.MyListener - Start find element by --> By.xpath: //a[.='ADD']
14:41:04 INFO  application.MyListener - The element --> By.xpath: //a[.='ADD'] was found
14:41:04 INFO  application.MyListener - Start find element by --> By.cssSelector: input[placeholder='Name']
14:41:04 INFO  application.MyListener - The element --> By.cssSelector: input[placeholder='Name'] was found
14:41:04 INFO  application.MyListener - Start find element by --> By.cssSelector: input[placeholder='Last Name']
14:41:04 INFO  application.MyListener - The element --> By.cssSelector: input[placeholder='Last Name'] was found
14:41:04 INFO  application.MyListener - Start find element by --> By.cssSelector: input[placeholder='Phone']
14:41:04 INFO  application.MyListener - The element --> By.cssSelector: input[placeholder='Phone'] was found
14:41:04 INFO  application.MyListener - Start find element by --> By.cssSelector: input[placeholder='email']
14:41:04 INFO  application.MyListener - The element --> By.cssSelector: input[placeholder='email'] was found
14:41:05 INFO  application.MyListener - Start find element by --> By.cssSelector: input[placeholder='Address']
14:41:05 INFO  application.MyListener - The element --> By.cssSelector: input[placeholder='Address'] was found
14:41:05 INFO  application.MyListener - Start find element by --> By.cssSelector: input[placeholder='description']
14:41:05 INFO  application.MyListener - The element --> By.cssSelector: input[placeholder='description'] was found
14:41:06 INFO  application.MyListener - Start find element by --> By.xpath: //h3
14:41:06 INFO  application.MyListener - The element --> By.xpath: //h3 was found
============1234511678===============
14:41:07 INFO  tests.TestBase - End off method - addContactTestCSV
14:41:07 INFO  tests.TestBase - ==================================
14:41:07 INFO  tests.TestBase - Start on method - addContactTestCSV
14:41:07 INFO  tests.TestBase - Start test with Data - [Contact(name=Sasha, lastName=Asdfgh, email=kselon02@bk.ru, phone=9874115632, address=Haifa, description=friend)]
14:41:07 INFO  application.MyListener - Start find element by --> By.xpath: //a[.='LOGIN']
14:41:10 INFO  application.MyListener - The element --> By.xpath: //a[.='LOGIN'] was found
14:41:10 INFO  application.MyListener - Start find element by --> By.xpath: //a[.='ADD']
14:41:10 INFO  application.MyListener - The element --> By.xpath: //a[.='ADD'] was found
14:41:10 INFO  application.MyListener - Start find element by --> By.cssSelector: input[placeholder='Name']
14:41:10 INFO  application.MyListener - The element --> By.cssSelector: input[placeholder='Name'] was found
14:41:10 INFO  application.MyListener - Start find element by --> By.cssSelector: input[placeholder='Last Name']
14:41:10 INFO  application.MyListener - The element --> By.cssSelector: input[placeholder='Last Name'] was found
14:41:10 INFO  application.MyListener - Start find element by --> By.cssSelector: input[placeholder='Phone']
14:41:10 INFO  application.MyListener - The element --> By.cssSelector: input[placeholder='Phone'] was found
14:41:10 INFO  application.MyListener - Start find element by --> By.cssSelector: input[placeholder='email']
14:41:10 INFO  application.MyListener - The element --> By.cssSelector: input[placeholder='email'] was found
14:41:11 INFO  application.MyListener - Start find element by --> By.cssSelector: input[placeholder='Address']
14:41:11 INFO  application.MyListener - The element --> By.cssSelector: input[placeholder='Address'] was found
14:41:11 INFO  application.MyListener - Start find element by --> By.cssSelector: input[placeholder='description']
14:41:11 INFO  application.MyListener - The element --> By.cssSelector: input[placeholder='description'] was found
14:41:12 INFO  application.MyListener - Start find element by --> By.xpath: //h3
14:41:13 INFO  application.MyListener - The element --> By.xpath: //h3 was found
============9874115632===============
14:41:13 INFO  tests.TestBase - End off method - addContactTestCSV
14:41:13 INFO  tests.TestBase - ==================================
14:41:13 INFO  tests.TestBase - Start on method - addContactTestCSV
14:41:13 INFO  tests.TestBase - Start test with Data - [Contact(name=Mosha, lastName=wrnaertn, email=kselon03@bk.ru, phone=1411567412, address=Haifa, description=friend)]
14:41:13 INFO  application.MyListener - Start find element by --> By.xpath: //a[.='LOGIN']
14:41:16 INFO  application.MyListener - The element --> By.xpath: //a[.='LOGIN'] was found
14:41:16 INFO  application.MyListener - Start find element by --> By.xpath: //a[.='ADD']
14:41:16 INFO  application.MyListener - The element --> By.xpath: //a[.='ADD'] was found
14:41:16 INFO  application.MyListener - Start find element by --> By.cssSelector: input[placeholder='Name']
14:41:16 INFO  application.MyListener - The element --> By.cssSelector: input[placeholder='Name'] was found
14:41:16 INFO  application.MyListener - Start find element by --> By.cssSelector: input[placeholder='Last Name']
14:41:16 INFO  application.MyListener - The element --> By.cssSelector: input[placeholder='Last Name'] was found
14:41:16 INFO  application.MyListener - Start find element by --> By.cssSelector: input[placeholder='Phone']
14:41:16 INFO  application.MyListener - The element --> By.cssSelector: input[placeholder='Phone'] was found
14:41:16 INFO  application.MyListener - Start find element by --> By.cssSelector: input[placeholder='email']
14:41:16 INFO  application.MyListener - The element --> By.cssSelector: input[placeholder='email'] was found
14:41:17 INFO  application.MyListener - Start find element by --> By.cssSelector: input[placeholder='Address']
14:41:17 INFO  application.MyListener - The element --> By.cssSelector: input[placeholder='Address'] was found
14:41:17 INFO  application.MyListener - Start find element by --> By.cssSelector: input[placeholder='description']
14:41:17 INFO  application.MyListener - The element --> By.cssSelector: input[placeholder='description'] was found
14:41:18 INFO  application.MyListener - Start find element by --> By.xpath: //h3
14:41:21 INFO  application.MyListener - The element --> By.xpath: //h3 was found
14:41:21 INFO  tests.TestBase - End off method - addContactTestCSV
14:41:21 INFO  tests.TestBase - ==================================
14:41:21 INFO  tests.TestBase - Start on method - addContactTestCSV
14:41:21 INFO  tests.TestBase - Start test with Data - [Contact(name=Gosha, lastName=gndgn, email=kselon04@bk.ru, phone=3245631125, address=Haifa, description=friend)]
14:41:21 INFO  application.MyListener - Start find element by --> By.xpath: //a[.='LOGIN']
14:41:24 INFO  application.MyListener - The element --> By.xpath: //a[.='LOGIN'] was found
14:41:24 INFO  application.MyListener - Start find element by --> By.xpath: //a[.='ADD']
14:41:24 INFO  application.MyListener - The element --> By.xpath: //a[.='ADD'] was found
14:41:24 INFO  application.MyListener - Start find element by --> By.cssSelector: input[placeholder='Name']
14:41:24 INFO  application.MyListener - The element --> By.cssSelector: input[placeholder='Name'] was found
14:41:24 INFO  application.MyListener - Start find element by --> By.cssSelector: input[placeholder='Last Name']
14:41:24 INFO  application.MyListener - The element --> By.cssSelector: input[placeholder='Last Name'] was found
14:41:24 INFO  application.MyListener - Start find element by --> By.cssSelector: input[placeholder='Phone']
14:41:24 INFO  application.MyListener - The element --> By.cssSelector: input[placeholder='Phone'] was found
14:41:25 INFO  application.MyListener - Start find element by --> By.cssSelector: input[placeholder='email']
14:41:25 INFO  application.MyListener - The element --> By.cssSelector: input[placeholder='email'] was found
14:41:25 INFO  application.MyListener - Start find element by --> By.cssSelector: input[placeholder='Address']
14:41:25 INFO  application.MyListener - The element --> By.cssSelector: input[placeholder='Address'] was found
14:41:25 INFO  application.MyListener - Start find element by --> By.cssSelector: input[placeholder='description']
14:41:25 INFO  application.MyListener - The element --> By.cssSelector: input[placeholder='description'] was found
14:41:26 INFO  application.MyListener - Start find element by --> By.xpath: //h3
14:41:27 INFO  application.MyListener - The element --> By.xpath: //h3 was found
============3245631125===============
14:41:27 INFO  tests.TestBase - End off method - addContactTestCSV
14:41:27 INFO  tests.TestBase - ==================================
14:41:27 INFO  tests.TestBase - Start on method - addContactTestCSV
14:41:27 INFO  tests.TestBase - Start test with Data - [Contact(name=Resae, lastName=aetnxf , email=kselon05@bk.ru, phone=1211452145, address=Haifa, description=friend)]
14:41:27 INFO  application.MyListener - Start find element by --> By.xpath: //a[.='LOGIN']
14:41:30 INFO  application.MyListener - The element --> By.xpath: //a[.='LOGIN'] was found
14:41:30 INFO  application.MyListener - Start find element by --> By.xpath: //a[.='ADD']
14:41:30 INFO  application.MyListener - The element --> By.xpath: //a[.='ADD'] was found
14:41:30 INFO  application.MyListener - Start find element by --> By.cssSelector: input[placeholder='Name']
14:41:30 INFO  application.MyListener - The element --> By.cssSelector: input[placeholder='Name'] was found
14:41:30 INFO  application.MyListener - Start find element by --> By.cssSelector: input[placeholder='Last Name']
14:41:30 INFO  application.MyListener - The element --> By.cssSelector: input[placeholder='Last Name'] was found
14:41:30 INFO  application.MyListener - Start find element by --> By.cssSelector: input[placeholder='Phone']
14:41:30 INFO  application.MyListener - The element --> By.cssSelector: input[placeholder='Phone'] was found
14:41:30 INFO  application.MyListener - Start find element by --> By.cssSelector: input[placeholder='email']
14:41:30 INFO  application.MyListener - The element --> By.cssSelector: input[placeholder='email'] was found
14:41:31 INFO  application.MyListener - Start find element by --> By.cssSelector: input[placeholder='Address']
14:41:31 INFO  application.MyListener - The element --> By.cssSelector: input[placeholder='Address'] was found
14:41:31 INFO  application.MyListener - Start find element by --> By.cssSelector: input[placeholder='description']
14:41:31 INFO  application.MyListener - The element --> By.cssSelector: input[placeholder='description'] was found
14:41:32 INFO  application.MyListener - Start find element by --> By.xpath: //h3
14:41:35 INFO  application.MyListener - The element --> By.xpath: //h3 was found
14:41:35 INFO  tests.TestBase - End off method - addContactTestCSV
14:41:35 INFO  tests.TestBase - ==================================
14:41:35 INFO  tests.TestBase - Start on method - addContactTestCSV
14:41:35 INFO  tests.TestBase - Start test with Data - [Contact(name=Trew, lastName=aweegear, email=kselon61@bk.ru, phone=9811569856, address=Haifa, description=friend)]
14:41:35 INFO  application.MyListener - Start find element by --> By.xpath: //a[.='LOGIN']
14:41:38 INFO  application.MyListener - The element --> By.xpath: //a[.='LOGIN'] was found
14:41:38 INFO  application.MyListener - Start find element by --> By.xpath: //a[.='ADD']
14:41:38 INFO  application.MyListener - The element --> By.xpath: //a[.='ADD'] was found
14:41:38 INFO  application.MyListener - Start find element by --> By.cssSelector: input[placeholder='Name']
14:41:38 INFO  application.MyListener - The element --> By.cssSelector: input[placeholder='Name'] was found
14:41:38 INFO  application.MyListener - Start find element by --> By.cssSelector: input[placeholder='Last Name']
14:41:38 INFO  application.MyListener - The element --> By.cssSelector: input[placeholder='Last Name'] was found
14:41:39 INFO  application.MyListener - Start find element by --> By.cssSelector: input[placeholder='Phone']
14:41:39 INFO  application.MyListener - The element --> By.cssSelector: input[placeholder='Phone'] was found
14:41:39 INFO  application.MyListener - Start find element by --> By.cssSelector: input[placeholder='email']
14:41:39 INFO  application.MyListener - The element --> By.cssSelector: input[placeholder='email'] was found
14:41:39 INFO  application.MyListener - Start find element by --> By.cssSelector: input[placeholder='Address']
14:41:39 INFO  application.MyListener - The element --> By.cssSelector: input[placeholder='Address'] was found
14:41:39 INFO  application.MyListener - Start find element by --> By.cssSelector: input[placeholder='description']
14:41:39 INFO  application.MyListener - The element --> By.cssSelector: input[placeholder='description'] was found
14:41:40 INFO  application.MyListener - Start find element by --> By.xpath: //h3
14:41:41 INFO  application.MyListener - The element --> By.xpath: //h3 was found
============9811569856===============
14:41:41 INFO  tests.TestBase - End off method - addContactTestCSV
14:41:41 INFO  tests.TestBase - ==================================
14:41:41 INFO  tests.TestBase - Start on method - addContactTestCSV
14:41:41 INFO  tests.TestBase - Start test with Data - [Contact(name=John, lastName=zdgWEg, email=kselon07@bk.ru, phone=6587114521, address=Haifa, description=friend)]
14:41:41 INFO  application.MyListener - Start find element by --> By.xpath: //a[.='LOGIN']
14:41:44 INFO  application.MyListener - The element --> By.xpath: //a[.='LOGIN'] was found
14:41:44 INFO  application.MyListener - Start find element by --> By.xpath: //a[.='ADD']
14:41:44 INFO  application.MyListener - The element --> By.xpath: //a[.='ADD'] was found
14:41:44 INFO  application.MyListener - Start find element by --> By.cssSelector: input[placeholder='Name']
14:41:44 INFO  application.MyListener - The element --> By.cssSelector: input[placeholder='Name'] was found
14:41:44 INFO  application.MyListener - Start find element by --> By.cssSelector: input[placeholder='Last Name']
14:41:44 INFO  application.MyListener - The element --> By.cssSelector: input[placeholder='Last Name'] was found
14:41:44 INFO  application.MyListener - Start find element by --> By.cssSelector: input[placeholder='Phone']
14:41:44 INFO  application.MyListener - The element --> By.cssSelector: input[placeholder='Phone'] was found
14:41:45 INFO  application.MyListener - Start find element by --> By.cssSelector: input[placeholder='email']
14:41:45 INFO  application.MyListener - The element --> By.cssSelector: input[placeholder='email'] was found
14:41:45 INFO  application.MyListener - Start find element by --> By.cssSelector: input[placeholder='Address']
14:41:45 INFO  application.MyListener - The element --> By.cssSelector: input[placeholder='Address'] was found
14:41:45 INFO  application.MyListener - Start find element by --> By.cssSelector: input[placeholder='description']
14:41:45 INFO  application.MyListener - The element --> By.cssSelector: input[placeholder='description'] was found
14:41:46 INFO  application.MyListener - Start find element by --> By.xpath: //h3
14:41:49 INFO  application.MyListener - The element --> By.xpath: //h3 was found
14:41:49 INFO  tests.TestBase - End off method - addContactTestCSV
14:41:49 INFO  tests.TestBase - ==================================
14:41:49 INFO  tests.TestBase - Start on method - addContactTestCSV
14:41:49 INFO  tests.TestBase - Start test with Data - [Contact(name=Jane, lastName=ezrneren, email=kselon08@bk.ru, phone=1211589654, address=Haifa, description=friend)]
14:41:49 INFO  application.MyListener - Start find element by --> By.xpath: //a[.='LOGIN']
14:41:52 INFO  application.MyListener - The element --> By.xpath: //a[.='LOGIN'] was found
14:41:52 INFO  application.MyListener - Start find element by --> By.xpath: //a[.='ADD']
14:41:52 INFO  application.MyListener - The element --> By.xpath: //a[.='ADD'] was found
14:41:52 INFO  application.MyListener - Start find element by --> By.cssSelector: input[placeholder='Name']
14:41:52 INFO  application.MyListener - The element --> By.cssSelector: input[placeholder='Name'] was found
14:41:53 INFO  application.MyListener - Start find element by --> By.cssSelector: input[placeholder='Last Name']
14:41:53 INFO  application.MyListener - The element --> By.cssSelector: input[placeholder='Last Name'] was found
14:41:53 INFO  application.MyListener - Start find element by --> By.cssSelector: input[placeholder='Phone']
14:41:53 INFO  application.MyListener - The element --> By.cssSelector: input[placeholder='Phone'] was found
14:41:53 INFO  application.MyListener - Start find element by --> By.cssSelector: input[placeholder='email']
14:41:53 INFO  application.MyListener - The element --> By.cssSelector: input[placeholder='email'] was found
14:41:53 INFO  application.MyListener - Start find element by --> By.cssSelector: input[placeholder='Address']
14:41:53 INFO  application.MyListener - The element --> By.cssSelector: input[placeholder='Address'] was found
14:41:53 INFO  application.MyListener - Start find element by --> By.cssSelector: input[placeholder='description']
14:41:53 INFO  application.MyListener - The element --> By.cssSelector: input[placeholder='description'] was found
14:41:54 INFO  application.MyListener - Start find element by --> By.xpath: //h3
14:41:55 INFO  application.MyListener - The element --> By.xpath: //h3 was found
============1211589654===============
14:41:55 INFO  tests.TestBase - End off method - addContactTestCSV
14:41:55 INFO  tests.TestBase - ==================================
14:41:55 INFO  tests.TestBase - Start on method - addContactTestCSV
14:41:55 INFO  tests.TestBase - Start test with Data - [Contact(name=Mila, lastName=rehaeerh, email=kselon91@bk.ru, phone=1241156987, address=Haifa, description=friend)]
14:41:55 INFO  application.MyListener - Start find element by --> By.xpath: //a[.='LOGIN']
14:41:58 INFO  application.MyListener - The element --> By.xpath: //a[.='LOGIN'] was found
14:41:58 INFO  application.MyListener - Start find element by --> By.xpath: //a[.='ADD']
14:41:58 INFO  application.MyListener - The element --> By.xpath: //a[.='ADD'] was found
14:41:58 INFO  application.MyListener - Start find element by --> By.cssSelector: input[placeholder='Name']
14:41:58 INFO  application.MyListener - The element --> By.cssSelector: input[placeholder='Name'] was found
14:41:58 INFO  application.MyListener - Start find element by --> By.cssSelector: input[placeholder='Last Name']
14:41:58 INFO  application.MyListener - The element --> By.cssSelector: input[placeholder='Last Name'] was found
14:41:58 INFO  application.MyListener - Start find element by --> By.cssSelector: input[placeholder='Phone']
14:41:58 INFO  application.MyListener - The element --> By.cssSelector: input[placeholder='Phone'] was found
14:41:59 INFO  application.MyListener - Start find element by --> By.cssSelector: input[placeholder='email']
14:41:59 INFO  application.MyListener - The element --> By.cssSelector: input[placeholder='email'] was found
14:41:59 INFO  application.MyListener - Start find element by --> By.cssSelector: input[placeholder='Address']
14:41:59 INFO  application.MyListener - The element --> By.cssSelector: input[placeholder='Address'] was found
14:41:59 INFO  application.MyListener - Start find element by --> By.cssSelector: input[placeholder='description']
14:41:59 INFO  application.MyListener - The element --> By.cssSelector: input[placeholder='description'] was found
14:42:00 INFO  application.MyListener - Start find element by --> By.xpath: //h3
14:42:01 INFO  application.MyListener - The element --> By.xpath: //h3 was found
============1241156987===============
14:42:01 INFO  tests.TestBase - End off method - addContactTestCSV
]]></system-out>
  <system-err><![CDATA[]]></system-err>
</testsuite>
