<?xml version="1.0" encoding="UTF-8"?>
<testsuite name="tests.AddContactTest" tests="15" skipped="0" failures="6" errors="0" timestamp="2021-08-14T17:53:02" hostname="DESKTOP-V8HD5F2" time="99.169">
  <properties/>
  <testcase name="addContactTestBase" classname="tests.AddContactTest" time="2.852"/>
  <testcase name="addContactTestBase" classname="tests.AddContactTest" time="5.422">
    <failure message="java.lang.AssertionError: expected [true] but found [false]" type="java.lang.AssertionError">java.lang.AssertionError: expected [true] but found [false]
	at org.testng.Assert.fail(Assert.java:97)
	at org.testng.Assert.failNotEquals(Assert.java:969)
	at org.testng.Assert.assertTrue(Assert.java:43)
	at org.testng.Assert.assertTrue(Assert.java:53)
	at tests.AddContactTest.addContactTestBase(AddContactTest.java:33)
	at java.base/jdk.internal.reflect.NativeMethodAccessorImpl.invoke0(Native Method)
	at java.base/jdk.internal.reflect.NativeMethodAccessorImpl.invoke(NativeMethodAccessorImpl.java:62)
	at java.base/jdk.internal.reflect.DelegatingMethodAccessorImpl.invoke(DelegatingMethodAccessorImpl.java:43)
	at java.base/java.lang.reflect.Method.invoke(Method.java:566)
	at org.testng.internal.MethodInvocationHelper.invokeMethod(MethodInvocationHelper.java:134)
	at org.testng.internal.TestInvoker.invokeMethod(TestInvoker.java:597)
	at org.testng.internal.TestInvoker.invokeTestMethod(TestInvoker.java:173)
	at org.testng.internal.MethodRunner.runInSequence(MethodRunner.java:46)
	at org.testng.internal.TestInvoker$MethodInvocationAgent.invoke(TestInvoker.java:816)
	at org.testng.internal.TestInvoker.invokeTestMethods(TestInvoker.java:146)
	at org.testng.internal.TestMethodWorker.invokeTestMethods(TestMethodWorker.java:146)
	at org.testng.internal.TestMethodWorker.run(TestMethodWorker.java:128)
	at java.base/java.util.ArrayList.forEach(ArrayList.java:1541)
	at org.testng.TestRunner.privateRun(TestRunner.java:766)
	at org.testng.TestRunner.run(TestRunner.java:587)
	at org.testng.SuiteRunner.runTest(SuiteRunner.java:384)
	at org.testng.SuiteRunner.runSequentially(SuiteRunner.java:378)
	at org.testng.SuiteRunner.privateRun(SuiteRunner.java:337)
	at org.testng.SuiteRunner.run(SuiteRunner.java:286)
	at org.testng.SuiteRunnerWorker.runSuite(SuiteRunnerWorker.java:53)
	at org.testng.SuiteRunnerWorker.run(SuiteRunnerWorker.java:96)
	at org.testng.TestNG.runSuitesSequentially(TestNG.java:1187)
	at org.testng.TestNG.runSuitesLocally(TestNG.java:1109)
	at org.testng.TestNG.runSuites(TestNG.java:1039)
	at org.testng.TestNG.run(TestNG.java:1007)
	at org.gradle.api.internal.tasks.testing.testng.TestNGTestClassProcessor.runTests(TestNGTestClassProcessor.java:141)
	at org.gradle.api.internal.tasks.testing.testng.TestNGTestClassProcessor.stop(TestNGTestClassProcessor.java:90)
	at org.gradle.api.internal.tasks.testing.SuiteTestClassProcessor.stop(SuiteTestClassProcessor.java:61)
	at java.base/jdk.internal.reflect.NativeMethodAccessorImpl.invoke0(Native Method)
	at java.base/jdk.internal.reflect.NativeMethodAccessorImpl.invoke(NativeMethodAccessorImpl.java:62)
	at java.base/jdk.internal.reflect.DelegatingMethodAccessorImpl.invoke(DelegatingMethodAccessorImpl.java:43)
	at java.base/java.lang.reflect.Method.invoke(Method.java:566)
	at org.gradle.internal.dispatch.ReflectionDispatch.dispatch(ReflectionDispatch.java:36)
	at org.gradle.internal.dispatch.ReflectionDispatch.dispatch(ReflectionDispatch.java:24)
	at org.gradle.internal.dispatch.ContextClassLoaderDispatch.dispatch(ContextClassLoaderDispatch.java:33)
	at org.gradle.internal.dispatch.ProxyDispatchAdapter$DispatchingInvocationHandler.invoke(ProxyDispatchAdapter.java:94)
	at com.sun.proxy.$Proxy2.stop(Unknown Source)
	at org.gradle.api.internal.tasks.testing.worker.TestWorker.stop(TestWorker.java:133)
	at java.base/jdk.internal.reflect.NativeMethodAccessorImpl.invoke0(Native Method)
	at java.base/jdk.internal.reflect.NativeMethodAccessorImpl.invoke(NativeMethodAccessorImpl.java:62)
	at java.base/jdk.internal.reflect.DelegatingMethodAccessorImpl.invoke(DelegatingMethodAccessorImpl.java:43)
	at java.base/java.lang.reflect.Method.invoke(Method.java:566)
	at org.gradle.internal.dispatch.ReflectionDispatch.dispatch(ReflectionDispatch.java:36)
	at org.gradle.internal.dispatch.ReflectionDispatch.dispatch(ReflectionDispatch.java:24)
	at org.gradle.internal.remote.internal.hub.MessageHubBackedObjectConnection$DispatchWrapper.dispatch(MessageHubBackedObjectConnection.java:182)
	at org.gradle.internal.remote.internal.hub.MessageHubBackedObjectConnection$DispatchWrapper.dispatch(MessageHubBackedObjectConnection.java:164)
	at org.gradle.internal.remote.internal.hub.MessageHub$Handler.run(MessageHub.java:414)
	at org.gradle.internal.concurrent.ExecutorPolicy$CatchAndRecordFailures.onExecute(ExecutorPolicy.java:64)
	at org.gradle.internal.concurrent.ManagedExecutorImpl$1.run(ManagedExecutorImpl.java:48)
	at java.base/java.util.concurrent.ThreadPoolExecutor.runWorker(ThreadPoolExecutor.java:1128)
	at java.base/java.util.concurrent.ThreadPoolExecutor$Worker.run(ThreadPoolExecutor.java:628)
	at org.gradle.internal.concurrent.ThreadFactoryImpl$ManagedThreadRunnable.run(ThreadFactoryImpl.java:56)
	at java.base/java.lang.Thread.run(Thread.java:834)
</failure>
  </testcase>
  <testcase name="addContactTestBase" classname="tests.AddContactTest" time="5.328">
    <failure message="java.lang.AssertionError: expected [true] but found [false]" type="java.lang.AssertionError">java.lang.AssertionError: expected [true] but found [false]
	at org.testng.Assert.fail(Assert.java:97)
	at org.testng.Assert.failNotEquals(Assert.java:969)
	at org.testng.Assert.assertTrue(Assert.java:43)
	at org.testng.Assert.assertTrue(Assert.java:53)
	at tests.AddContactTest.addContactTestBase(AddContactTest.java:33)
	at java.base/jdk.internal.reflect.NativeMethodAccessorImpl.invoke0(Native Method)
	at java.base/jdk.internal.reflect.NativeMethodAccessorImpl.invoke(NativeMethodAccessorImpl.java:62)
	at java.base/jdk.internal.reflect.DelegatingMethodAccessorImpl.invoke(DelegatingMethodAccessorImpl.java:43)
	at java.base/java.lang.reflect.Method.invoke(Method.java:566)
	at org.testng.internal.MethodInvocationHelper.invokeMethod(MethodInvocationHelper.java:134)
	at org.testng.internal.TestInvoker.invokeMethod(TestInvoker.java:597)
	at org.testng.internal.TestInvoker.invokeTestMethod(TestInvoker.java:173)
	at org.testng.internal.MethodRunner.runInSequence(MethodRunner.java:46)
	at org.testng.internal.TestInvoker$MethodInvocationAgent.invoke(TestInvoker.java:816)
	at org.testng.internal.TestInvoker.invokeTestMethods(TestInvoker.java:146)
	at org.testng.internal.TestMethodWorker.invokeTestMethods(TestMethodWorker.java:146)
	at org.testng.internal.TestMethodWorker.run(TestMethodWorker.java:128)
	at java.base/java.util.ArrayList.forEach(ArrayList.java:1541)
	at org.testng.TestRunner.privateRun(TestRunner.java:766)
	at org.testng.TestRunner.run(TestRunner.java:587)
	at org.testng.SuiteRunner.runTest(SuiteRunner.java:384)
	at org.testng.SuiteRunner.runSequentially(SuiteRunner.java:378)
	at org.testng.SuiteRunner.privateRun(SuiteRunner.java:337)
	at org.testng.SuiteRunner.run(SuiteRunner.java:286)
	at org.testng.SuiteRunnerWorker.runSuite(SuiteRunnerWorker.java:53)
	at org.testng.SuiteRunnerWorker.run(SuiteRunnerWorker.java:96)
	at org.testng.TestNG.runSuitesSequentially(TestNG.java:1187)
	at org.testng.TestNG.runSuitesLocally(TestNG.java:1109)
	at org.testng.TestNG.runSuites(TestNG.java:1039)
	at org.testng.TestNG.run(TestNG.java:1007)
	at org.gradle.api.internal.tasks.testing.testng.TestNGTestClassProcessor.runTests(TestNGTestClassProcessor.java:141)
	at org.gradle.api.internal.tasks.testing.testng.TestNGTestClassProcessor.stop(TestNGTestClassProcessor.java:90)
	at org.gradle.api.internal.tasks.testing.SuiteTestClassProcessor.stop(SuiteTestClassProcessor.java:61)
	at java.base/jdk.internal.reflect.NativeMethodAccessorImpl.invoke0(Native Method)
	at java.base/jdk.internal.reflect.NativeMethodAccessorImpl.invoke(NativeMethodAccessorImpl.java:62)
	at java.base/jdk.internal.reflect.DelegatingMethodAccessorImpl.invoke(DelegatingMethodAccessorImpl.java:43)
	at java.base/java.lang.reflect.Method.invoke(Method.java:566)
	at org.gradle.internal.dispatch.ReflectionDispatch.dispatch(ReflectionDispatch.java:36)
	at org.gradle.internal.dispatch.ReflectionDispatch.dispatch(ReflectionDispatch.java:24)
	at org.gradle.internal.dispatch.ContextClassLoaderDispatch.dispatch(ContextClassLoaderDispatch.java:33)
	at org.gradle.internal.dispatch.ProxyDispatchAdapter$DispatchingInvocationHandler.invoke(ProxyDispatchAdapter.java:94)
	at com.sun.proxy.$Proxy2.stop(Unknown Source)
	at org.gradle.api.internal.tasks.testing.worker.TestWorker.stop(TestWorker.java:133)
	at java.base/jdk.internal.reflect.NativeMethodAccessorImpl.invoke0(Native Method)
	at java.base/jdk.internal.reflect.NativeMethodAccessorImpl.invoke(NativeMethodAccessorImpl.java:62)
	at java.base/jdk.internal.reflect.DelegatingMethodAccessorImpl.invoke(DelegatingMethodAccessorImpl.java:43)
	at java.base/java.lang.reflect.Method.invoke(Method.java:566)
	at org.gradle.internal.dispatch.ReflectionDispatch.dispatch(ReflectionDispatch.java:36)
	at org.gradle.internal.dispatch.ReflectionDispatch.dispatch(ReflectionDispatch.java:24)
	at org.gradle.internal.remote.internal.hub.MessageHubBackedObjectConnection$DispatchWrapper.dispatch(MessageHubBackedObjectConnection.java:182)
	at org.gradle.internal.remote.internal.hub.MessageHubBackedObjectConnection$DispatchWrapper.dispatch(MessageHubBackedObjectConnection.java:164)
	at org.gradle.internal.remote.internal.hub.MessageHub$Handler.run(MessageHub.java:414)
	at org.gradle.internal.concurrent.ExecutorPolicy$CatchAndRecordFailures.onExecute(ExecutorPolicy.java:64)
	at org.gradle.internal.concurrent.ManagedExecutorImpl$1.run(ManagedExecutorImpl.java:48)
	at java.base/java.util.concurrent.ThreadPoolExecutor.runWorker(ThreadPoolExecutor.java:1128)
	at java.base/java.util.concurrent.ThreadPoolExecutor$Worker.run(ThreadPoolExecutor.java:628)
	at org.gradle.internal.concurrent.ThreadFactoryImpl$ManagedThreadRunnable.run(ThreadFactoryImpl.java:56)
	at java.base/java.lang.Thread.run(Thread.java:834)
</failure>
  </testcase>
  <testcase name="addContactTestCSV[0](Contact(name=Masha, lastName=Qwerty, email=kselon01@bk.ru, phone=1234511678, address=Haifa, description=friend))" classname="tests.AddContactTest" time="2.749"/>
  <testcase name="addContactTestCSV[1](Contact(name=Sasha, lastName=Asdfgh, email=kselon02@bk.ru, phone=9874115632, address=Haifa, description=friend))" classname="tests.AddContactTest" time="2.791"/>
  <testcase name="addContactTestCSV[2](Contact(name=Mosha, lastName=wrnaertn, email=kselon03@bk.ru, phone=1411567412, address=Haifa, description=friend))" classname="tests.AddContactTest" time="2.649"/>
  <testcase name="addContactTestCSV[3](Contact(name=Gosha, lastName=gndgn, email=kselon04@bk.ru, phone=3245631125, address=Haifa, description=friend))" classname="tests.AddContactTest" time="2.614"/>
  <testcase name="addContactTestCSV[4](Contact(name=Resae, lastName=aetnxf , email=kselon05@bk.ru, phone=1211452145, address=Haifa, description=friend))" classname="tests.AddContactTest" time="2.804"/>
  <testcase name="addContactTestCSV[5](Contact(name=Trew, lastName=aweegear, email=kselon61@bk.ru, phone=9811569856, address=Haifa, description=friend))" classname="tests.AddContactTest" time="2.56"/>
  <testcase name="addContactTestCSV[6](Contact(name=John, lastName=zdgWEg, email=kselon07@bk.ru, phone=6587114521, address=Haifa, description=friend))" classname="tests.AddContactTest" time="2.871"/>
  <testcase name="addContactTestCSV[7](Contact(name=Jane, lastName=ezrneren, email=kselon08@bk.ru, phone=1211589654, address=Haifa, description=friend))" classname="tests.AddContactTest" time="2.717"/>
  <testcase name="addContactTestCSV[8](Contact(name=Mila, lastName=rehaeerh, email=kselon91@bk.ru, phone=1241156987, address=Haifa, description=friend))" classname="tests.AddContactTest" time="5.263">
    <failure message="java.lang.AssertionError: expected [true] but found [false]" type="java.lang.AssertionError">java.lang.AssertionError: expected [true] but found [false]
	at org.testng.Assert.fail(Assert.java:97)
	at org.testng.Assert.failNotEquals(Assert.java:969)
	at org.testng.Assert.assertTrue(Assert.java:43)
	at org.testng.Assert.assertTrue(Assert.java:53)
	at tests.AddContactTest.addContactTestCSV(AddContactTest.java:44)
	at java.base/jdk.internal.reflect.NativeMethodAccessorImpl.invoke0(Native Method)
	at java.base/jdk.internal.reflect.NativeMethodAccessorImpl.invoke(NativeMethodAccessorImpl.java:62)
	at java.base/jdk.internal.reflect.DelegatingMethodAccessorImpl.invoke(DelegatingMethodAccessorImpl.java:43)
	at java.base/java.lang.reflect.Method.invoke(Method.java:566)
	at org.testng.internal.MethodInvocationHelper.invokeMethod(MethodInvocationHelper.java:134)
	at org.testng.internal.TestInvoker.invokeMethod(TestInvoker.java:597)
	at org.testng.internal.TestInvoker.invokeTestMethod(TestInvoker.java:173)
	at org.testng.internal.MethodRunner.runInSequence(MethodRunner.java:46)
	at org.testng.internal.TestInvoker$MethodInvocationAgent.invoke(TestInvoker.java:816)
	at org.testng.internal.TestInvoker.invokeTestMethods(TestInvoker.java:146)
	at org.testng.internal.TestMethodWorker.invokeTestMethods(TestMethodWorker.java:146)
	at org.testng.internal.TestMethodWorker.run(TestMethodWorker.java:128)
	at java.base/java.util.ArrayList.forEach(ArrayList.java:1541)
	at org.testng.TestRunner.privateRun(TestRunner.java:766)
	at org.testng.TestRunner.run(TestRunner.java:587)
	at org.testng.SuiteRunner.runTest(SuiteRunner.java:384)
	at org.testng.SuiteRunner.runSequentially(SuiteRunner.java:378)
	at org.testng.SuiteRunner.privateRun(SuiteRunner.java:337)
	at org.testng.SuiteRunner.run(SuiteRunner.java:286)
	at org.testng.SuiteRunnerWorker.runSuite(SuiteRunnerWorker.java:53)
	at org.testng.SuiteRunnerWorker.run(SuiteRunnerWorker.java:96)
	at org.testng.TestNG.runSuitesSequentially(TestNG.java:1187)
	at org.testng.TestNG.runSuitesLocally(TestNG.java:1109)
	at org.testng.TestNG.runSuites(TestNG.java:1039)
	at org.testng.TestNG.run(TestNG.java:1007)
	at org.gradle.api.internal.tasks.testing.testng.TestNGTestClassProcessor.runTests(TestNGTestClassProcessor.java:141)
	at org.gradle.api.internal.tasks.testing.testng.TestNGTestClassProcessor.stop(TestNGTestClassProcessor.java:90)
	at org.gradle.api.internal.tasks.testing.SuiteTestClassProcessor.stop(SuiteTestClassProcessor.java:61)
	at java.base/jdk.internal.reflect.NativeMethodAccessorImpl.invoke0(Native Method)
	at java.base/jdk.internal.reflect.NativeMethodAccessorImpl.invoke(NativeMethodAccessorImpl.java:62)
	at java.base/jdk.internal.reflect.DelegatingMethodAccessorImpl.invoke(DelegatingMethodAccessorImpl.java:43)
	at java.base/java.lang.reflect.Method.invoke(Method.java:566)
	at org.gradle.internal.dispatch.ReflectionDispatch.dispatch(ReflectionDispatch.java:36)
	at org.gradle.internal.dispatch.ReflectionDispatch.dispatch(ReflectionDispatch.java:24)
	at org.gradle.internal.dispatch.ContextClassLoaderDispatch.dispatch(ContextClassLoaderDispatch.java:33)
	at org.gradle.internal.dispatch.ProxyDispatchAdapter$DispatchingInvocationHandler.invoke(ProxyDispatchAdapter.java:94)
	at com.sun.proxy.$Proxy2.stop(Unknown Source)
	at org.gradle.api.internal.tasks.testing.worker.TestWorker.stop(TestWorker.java:133)
	at java.base/jdk.internal.reflect.NativeMethodAccessorImpl.invoke0(Native Method)
	at java.base/jdk.internal.reflect.NativeMethodAccessorImpl.invoke(NativeMethodAccessorImpl.java:62)
	at java.base/jdk.internal.reflect.DelegatingMethodAccessorImpl.invoke(DelegatingMethodAccessorImpl.java:43)
	at java.base/java.lang.reflect.Method.invoke(Method.java:566)
	at org.gradle.internal.dispatch.ReflectionDispatch.dispatch(ReflectionDispatch.java:36)
	at org.gradle.internal.dispatch.ReflectionDispatch.dispatch(ReflectionDispatch.java:24)
	at org.gradle.internal.remote.internal.hub.MessageHubBackedObjectConnection$DispatchWrapper.dispatch(MessageHubBackedObjectConnection.java:182)
	at org.gradle.internal.remote.internal.hub.MessageHubBackedObjectConnection$DispatchWrapper.dispatch(MessageHubBackedObjectConnection.java:164)
	at org.gradle.internal.remote.internal.hub.MessageHub$Handler.run(MessageHub.java:414)
	at org.gradle.internal.concurrent.ExecutorPolicy$CatchAndRecordFailures.onExecute(ExecutorPolicy.java:64)
	at org.gradle.internal.concurrent.ManagedExecutorImpl$1.run(ManagedExecutorImpl.java:48)
	at java.base/java.util.concurrent.ThreadPoolExecutor.runWorker(ThreadPoolExecutor.java:1128)
	at java.base/java.util.concurrent.ThreadPoolExecutor$Worker.run(ThreadPoolExecutor.java:628)
	at org.gradle.internal.concurrent.ThreadFactoryImpl$ManagedThreadRunnable.run(ThreadFactoryImpl.java:56)
	at java.base/java.lang.Thread.run(Thread.java:834)
</failure>
  </testcase>
  <testcase name="addContactTestDataProvider[0](Masha, Qwerty, 1234512678, kselon01@bk.ru, Haifa, friend)" classname="tests.AddContactTest" time="5.239">
    <failure message="java.lang.AssertionError: expected [true] but found [false]" type="java.lang.AssertionError">java.lang.AssertionError: expected [true] but found [false]
	at org.testng.Assert.fail(Assert.java:97)
	at org.testng.Assert.failNotEquals(Assert.java:969)
	at org.testng.Assert.assertTrue(Assert.java:43)
	at org.testng.Assert.assertTrue(Assert.java:53)
	at tests.AddContactTest.addContactTestDataProvider(AddContactTest.java:62)
	at java.base/jdk.internal.reflect.NativeMethodAccessorImpl.invoke0(Native Method)
	at java.base/jdk.internal.reflect.NativeMethodAccessorImpl.invoke(NativeMethodAccessorImpl.java:62)
	at java.base/jdk.internal.reflect.DelegatingMethodAccessorImpl.invoke(DelegatingMethodAccessorImpl.java:43)
	at java.base/java.lang.reflect.Method.invoke(Method.java:566)
	at org.testng.internal.MethodInvocationHelper.invokeMethod(MethodInvocationHelper.java:134)
	at org.testng.internal.TestInvoker.invokeMethod(TestInvoker.java:597)
	at org.testng.internal.TestInvoker.invokeTestMethod(TestInvoker.java:173)
	at org.testng.internal.MethodRunner.runInSequence(MethodRunner.java:46)
	at org.testng.internal.TestInvoker$MethodInvocationAgent.invoke(TestInvoker.java:816)
	at org.testng.internal.TestInvoker.invokeTestMethods(TestInvoker.java:146)
	at org.testng.internal.TestMethodWorker.invokeTestMethods(TestMethodWorker.java:146)
	at org.testng.internal.TestMethodWorker.run(TestMethodWorker.java:128)
	at java.base/java.util.ArrayList.forEach(ArrayList.java:1541)
	at org.testng.TestRunner.privateRun(TestRunner.java:766)
	at org.testng.TestRunner.run(TestRunner.java:587)
	at org.testng.SuiteRunner.runTest(SuiteRunner.java:384)
	at org.testng.SuiteRunner.runSequentially(SuiteRunner.java:378)
	at org.testng.SuiteRunner.privateRun(SuiteRunner.java:337)
	at org.testng.SuiteRunner.run(SuiteRunner.java:286)
	at org.testng.SuiteRunnerWorker.runSuite(SuiteRunnerWorker.java:53)
	at org.testng.SuiteRunnerWorker.run(SuiteRunnerWorker.java:96)
	at org.testng.TestNG.runSuitesSequentially(TestNG.java:1187)
	at org.testng.TestNG.runSuitesLocally(TestNG.java:1109)
	at org.testng.TestNG.runSuites(TestNG.java:1039)
	at org.testng.TestNG.run(TestNG.java:1007)
	at org.gradle.api.internal.tasks.testing.testng.TestNGTestClassProcessor.runTests(TestNGTestClassProcessor.java:141)
	at org.gradle.api.internal.tasks.testing.testng.TestNGTestClassProcessor.stop(TestNGTestClassProcessor.java:90)
	at org.gradle.api.internal.tasks.testing.SuiteTestClassProcessor.stop(SuiteTestClassProcessor.java:61)
	at java.base/jdk.internal.reflect.NativeMethodAccessorImpl.invoke0(Native Method)
	at java.base/jdk.internal.reflect.NativeMethodAccessorImpl.invoke(NativeMethodAccessorImpl.java:62)
	at java.base/jdk.internal.reflect.DelegatingMethodAccessorImpl.invoke(DelegatingMethodAccessorImpl.java:43)
	at java.base/java.lang.reflect.Method.invoke(Method.java:566)
	at org.gradle.internal.dispatch.ReflectionDispatch.dispatch(ReflectionDispatch.java:36)
	at org.gradle.internal.dispatch.ReflectionDispatch.dispatch(ReflectionDispatch.java:24)
	at org.gradle.internal.dispatch.ContextClassLoaderDispatch.dispatch(ContextClassLoaderDispatch.java:33)
	at org.gradle.internal.dispatch.ProxyDispatchAdapter$DispatchingInvocationHandler.invoke(ProxyDispatchAdapter.java:94)
	at com.sun.proxy.$Proxy2.stop(Unknown Source)
	at org.gradle.api.internal.tasks.testing.worker.TestWorker.stop(TestWorker.java:133)
	at java.base/jdk.internal.reflect.NativeMethodAccessorImpl.invoke0(Native Method)
	at java.base/jdk.internal.reflect.NativeMethodAccessorImpl.invoke(NativeMethodAccessorImpl.java:62)
	at java.base/jdk.internal.reflect.DelegatingMethodAccessorImpl.invoke(DelegatingMethodAccessorImpl.java:43)
	at java.base/java.lang.reflect.Method.invoke(Method.java:566)
	at org.gradle.internal.dispatch.ReflectionDispatch.dispatch(ReflectionDispatch.java:36)
	at org.gradle.internal.dispatch.ReflectionDispatch.dispatch(ReflectionDispatch.java:24)
	at org.gradle.internal.remote.internal.hub.MessageHubBackedObjectConnection$DispatchWrapper.dispatch(MessageHubBackedObjectConnection.java:182)
	at org.gradle.internal.remote.internal.hub.MessageHubBackedObjectConnection$DispatchWrapper.dispatch(MessageHubBackedObjectConnection.java:164)
	at org.gradle.internal.remote.internal.hub.MessageHub$Handler.run(MessageHub.java:414)
	at org.gradle.internal.concurrent.ExecutorPolicy$CatchAndRecordFailures.onExecute(ExecutorPolicy.java:64)
	at org.gradle.internal.concurrent.ManagedExecutorImpl$1.run(ManagedExecutorImpl.java:48)
	at java.base/java.util.concurrent.ThreadPoolExecutor.runWorker(ThreadPoolExecutor.java:1128)
	at java.base/java.util.concurrent.ThreadPoolExecutor$Worker.run(ThreadPoolExecutor.java:628)
	at org.gradle.internal.concurrent.ThreadFactoryImpl$ManagedThreadRunnable.run(ThreadFactoryImpl.java:56)
	at java.base/java.lang.Thread.run(Thread.java:834)
</failure>
  </testcase>
  <testcase name="addContactTestDataProvider[1](Sasha, Asdfgh, 9872115632, kselon02@bk.ru, Haifa, friend)" classname="tests.AddContactTest" time="5.54">
    <failure message="java.lang.AssertionError: expected [true] but found [false]" type="java.lang.AssertionError">java.lang.AssertionError: expected [true] but found [false]
	at org.testng.Assert.fail(Assert.java:97)
	at org.testng.Assert.failNotEquals(Assert.java:969)
	at org.testng.Assert.assertTrue(Assert.java:43)
	at org.testng.Assert.assertTrue(Assert.java:53)
	at tests.AddContactTest.addContactTestDataProvider(AddContactTest.java:62)
	at java.base/jdk.internal.reflect.NativeMethodAccessorImpl.invoke0(Native Method)
	at java.base/jdk.internal.reflect.NativeMethodAccessorImpl.invoke(NativeMethodAccessorImpl.java:62)
	at java.base/jdk.internal.reflect.DelegatingMethodAccessorImpl.invoke(DelegatingMethodAccessorImpl.java:43)
	at java.base/java.lang.reflect.Method.invoke(Method.java:566)
	at org.testng.internal.MethodInvocationHelper.invokeMethod(MethodInvocationHelper.java:134)
	at org.testng.internal.TestInvoker.invokeMethod(TestInvoker.java:597)
	at org.testng.internal.TestInvoker.invokeTestMethod(TestInvoker.java:173)
	at org.testng.internal.MethodRunner.runInSequence(MethodRunner.java:46)
	at org.testng.internal.TestInvoker$MethodInvocationAgent.invoke(TestInvoker.java:816)
	at org.testng.internal.TestInvoker.invokeTestMethods(TestInvoker.java:146)
	at org.testng.internal.TestMethodWorker.invokeTestMethods(TestMethodWorker.java:146)
	at org.testng.internal.TestMethodWorker.run(TestMethodWorker.java:128)
	at java.base/java.util.ArrayList.forEach(ArrayList.java:1541)
	at org.testng.TestRunner.privateRun(TestRunner.java:766)
	at org.testng.TestRunner.run(TestRunner.java:587)
	at org.testng.SuiteRunner.runTest(SuiteRunner.java:384)
	at org.testng.SuiteRunner.runSequentially(SuiteRunner.java:378)
	at org.testng.SuiteRunner.privateRun(SuiteRunner.java:337)
	at org.testng.SuiteRunner.run(SuiteRunner.java:286)
	at org.testng.SuiteRunnerWorker.runSuite(SuiteRunnerWorker.java:53)
	at org.testng.SuiteRunnerWorker.run(SuiteRunnerWorker.java:96)
	at org.testng.TestNG.runSuitesSequentially(TestNG.java:1187)
	at org.testng.TestNG.runSuitesLocally(TestNG.java:1109)
	at org.testng.TestNG.runSuites(TestNG.java:1039)
	at org.testng.TestNG.run(TestNG.java:1007)
	at org.gradle.api.internal.tasks.testing.testng.TestNGTestClassProcessor.runTests(TestNGTestClassProcessor.java:141)
	at org.gradle.api.internal.tasks.testing.testng.TestNGTestClassProcessor.stop(TestNGTestClassProcessor.java:90)
	at org.gradle.api.internal.tasks.testing.SuiteTestClassProcessor.stop(SuiteTestClassProcessor.java:61)
	at java.base/jdk.internal.reflect.NativeMethodAccessorImpl.invoke0(Native Method)
	at java.base/jdk.internal.reflect.NativeMethodAccessorImpl.invoke(NativeMethodAccessorImpl.java:62)
	at java.base/jdk.internal.reflect.DelegatingMethodAccessorImpl.invoke(DelegatingMethodAccessorImpl.java:43)
	at java.base/java.lang.reflect.Method.invoke(Method.java:566)
	at org.gradle.internal.dispatch.ReflectionDispatch.dispatch(ReflectionDispatch.java:36)
	at org.gradle.internal.dispatch.ReflectionDispatch.dispatch(ReflectionDispatch.java:24)
	at org.gradle.internal.dispatch.ContextClassLoaderDispatch.dispatch(ContextClassLoaderDispatch.java:33)
	at org.gradle.internal.dispatch.ProxyDispatchAdapter$DispatchingInvocationHandler.invoke(ProxyDispatchAdapter.java:94)
	at com.sun.proxy.$Proxy2.stop(Unknown Source)
	at org.gradle.api.internal.tasks.testing.worker.TestWorker.stop(TestWorker.java:133)
	at java.base/jdk.internal.reflect.NativeMethodAccessorImpl.invoke0(Native Method)
	at java.base/jdk.internal.reflect.NativeMethodAccessorImpl.invoke(NativeMethodAccessorImpl.java:62)
	at java.base/jdk.internal.reflect.DelegatingMethodAccessorImpl.invoke(DelegatingMethodAccessorImpl.java:43)
	at java.base/java.lang.reflect.Method.invoke(Method.java:566)
	at org.gradle.internal.dispatch.ReflectionDispatch.dispatch(ReflectionDispatch.java:36)
	at org.gradle.internal.dispatch.ReflectionDispatch.dispatch(ReflectionDispatch.java:24)
	at org.gradle.internal.remote.internal.hub.MessageHubBackedObjectConnection$DispatchWrapper.dispatch(MessageHubBackedObjectConnection.java:182)
	at org.gradle.internal.remote.internal.hub.MessageHubBackedObjectConnection$DispatchWrapper.dispatch(MessageHubBackedObjectConnection.java:164)
	at org.gradle.internal.remote.internal.hub.MessageHub$Handler.run(MessageHub.java:414)
	at org.gradle.internal.concurrent.ExecutorPolicy$CatchAndRecordFailures.onExecute(ExecutorPolicy.java:64)
	at org.gradle.internal.concurrent.ManagedExecutorImpl$1.run(ManagedExecutorImpl.java:48)
	at java.base/java.util.concurrent.ThreadPoolExecutor.runWorker(ThreadPoolExecutor.java:1128)
	at java.base/java.util.concurrent.ThreadPoolExecutor$Worker.run(ThreadPoolExecutor.java:628)
	at org.gradle.internal.concurrent.ThreadFactoryImpl$ManagedThreadRunnable.run(ThreadFactoryImpl.java:56)
	at java.base/java.lang.Thread.run(Thread.java:834)
</failure>
  </testcase>
  <testcase name="addContactTestDataProvider[2](Mosha, wrnaertn, 1211567412, kselon03@bk.ru, Haifa, friend)" classname="tests.AddContactTest" time="5.115">
    <failure message="java.lang.AssertionError: expected [true] but found [false]" type="java.lang.AssertionError">java.lang.AssertionError: expected [true] but found [false]
	at org.testng.Assert.fail(Assert.java:97)
	at org.testng.Assert.failNotEquals(Assert.java:969)
	at org.testng.Assert.assertTrue(Assert.java:43)
	at org.testng.Assert.assertTrue(Assert.java:53)
	at tests.AddContactTest.addContactTestDataProvider(AddContactTest.java:62)
	at java.base/jdk.internal.reflect.NativeMethodAccessorImpl.invoke0(Native Method)
	at java.base/jdk.internal.reflect.NativeMethodAccessorImpl.invoke(NativeMethodAccessorImpl.java:62)
	at java.base/jdk.internal.reflect.DelegatingMethodAccessorImpl.invoke(DelegatingMethodAccessorImpl.java:43)
	at java.base/java.lang.reflect.Method.invoke(Method.java:566)
	at org.testng.internal.MethodInvocationHelper.invokeMethod(MethodInvocationHelper.java:134)
	at org.testng.internal.TestInvoker.invokeMethod(TestInvoker.java:597)
	at org.testng.internal.TestInvoker.invokeTestMethod(TestInvoker.java:173)
	at org.testng.internal.MethodRunner.runInSequence(MethodRunner.java:46)
	at org.testng.internal.TestInvoker$MethodInvocationAgent.invoke(TestInvoker.java:816)
	at org.testng.internal.TestInvoker.invokeTestMethods(TestInvoker.java:146)
	at org.testng.internal.TestMethodWorker.invokeTestMethods(TestMethodWorker.java:146)
	at org.testng.internal.TestMethodWorker.run(TestMethodWorker.java:128)
	at java.base/java.util.ArrayList.forEach(ArrayList.java:1541)
	at org.testng.TestRunner.privateRun(TestRunner.java:766)
	at org.testng.TestRunner.run(TestRunner.java:587)
	at org.testng.SuiteRunner.runTest(SuiteRunner.java:384)
	at org.testng.SuiteRunner.runSequentially(SuiteRunner.java:378)
	at org.testng.SuiteRunner.privateRun(SuiteRunner.java:337)
	at org.testng.SuiteRunner.run(SuiteRunner.java:286)
	at org.testng.SuiteRunnerWorker.runSuite(SuiteRunnerWorker.java:53)
	at org.testng.SuiteRunnerWorker.run(SuiteRunnerWorker.java:96)
	at org.testng.TestNG.runSuitesSequentially(TestNG.java:1187)
	at org.testng.TestNG.runSuitesLocally(TestNG.java:1109)
	at org.testng.TestNG.runSuites(TestNG.java:1039)
	at org.testng.TestNG.run(TestNG.java:1007)
	at org.gradle.api.internal.tasks.testing.testng.TestNGTestClassProcessor.runTests(TestNGTestClassProcessor.java:141)
	at org.gradle.api.internal.tasks.testing.testng.TestNGTestClassProcessor.stop(TestNGTestClassProcessor.java:90)
	at org.gradle.api.internal.tasks.testing.SuiteTestClassProcessor.stop(SuiteTestClassProcessor.java:61)
	at java.base/jdk.internal.reflect.NativeMethodAccessorImpl.invoke0(Native Method)
	at java.base/jdk.internal.reflect.NativeMethodAccessorImpl.invoke(NativeMethodAccessorImpl.java:62)
	at java.base/jdk.internal.reflect.DelegatingMethodAccessorImpl.invoke(DelegatingMethodAccessorImpl.java:43)
	at java.base/java.lang.reflect.Method.invoke(Method.java:566)
	at org.gradle.internal.dispatch.ReflectionDispatch.dispatch(ReflectionDispatch.java:36)
	at org.gradle.internal.dispatch.ReflectionDispatch.dispatch(ReflectionDispatch.java:24)
	at org.gradle.internal.dispatch.ContextClassLoaderDispatch.dispatch(ContextClassLoaderDispatch.java:33)
	at org.gradle.internal.dispatch.ProxyDispatchAdapter$DispatchingInvocationHandler.invoke(ProxyDispatchAdapter.java:94)
	at com.sun.proxy.$Proxy2.stop(Unknown Source)
	at org.gradle.api.internal.tasks.testing.worker.TestWorker.stop(TestWorker.java:133)
	at java.base/jdk.internal.reflect.NativeMethodAccessorImpl.invoke0(Native Method)
	at java.base/jdk.internal.reflect.NativeMethodAccessorImpl.invoke(NativeMethodAccessorImpl.java:62)
	at java.base/jdk.internal.reflect.DelegatingMethodAccessorImpl.invoke(DelegatingMethodAccessorImpl.java:43)
	at java.base/java.lang.reflect.Method.invoke(Method.java:566)
	at org.gradle.internal.dispatch.ReflectionDispatch.dispatch(ReflectionDispatch.java:36)
	at org.gradle.internal.dispatch.ReflectionDispatch.dispatch(ReflectionDispatch.java:24)
	at org.gradle.internal.remote.internal.hub.MessageHubBackedObjectConnection$DispatchWrapper.dispatch(MessageHubBackedObjectConnection.java:182)
	at org.gradle.internal.remote.internal.hub.MessageHubBackedObjectConnection$DispatchWrapper.dispatch(MessageHubBackedObjectConnection.java:164)
	at org.gradle.internal.remote.internal.hub.MessageHub$Handler.run(MessageHub.java:414)
	at org.gradle.internal.concurrent.ExecutorPolicy$CatchAndRecordFailures.onExecute(ExecutorPolicy.java:64)
	at org.gradle.internal.concurrent.ManagedExecutorImpl$1.run(ManagedExecutorImpl.java:48)
	at java.base/java.util.concurrent.ThreadPoolExecutor.runWorker(ThreadPoolExecutor.java:1128)
	at java.base/java.util.concurrent.ThreadPoolExecutor$Worker.run(ThreadPoolExecutor.java:628)
	at org.gradle.internal.concurrent.ThreadFactoryImpl$ManagedThreadRunnable.run(ThreadFactoryImpl.java:56)
	at java.base/java.lang.Thread.run(Thread.java:834)
</failure>
  </testcase>
  <system-out><![CDATA[20:53:00 INFO  tests.TestBase - ==================================
20:53:00 INFO  tests.TestBase - Start on method - addContactTestBase
20:53:00 INFO  tests.TestBase - Start test with Data - []
20:53:00 INFO  application.MyListener - Start find element by --> By.xpath: //a[.='LOGIN']
20:53:00 INFO  application.MyListener - The element --> By.xpath: //a[.='LOGIN'] was found
20:53:00 INFO  application.MyListener - Start find element by --> By.xpath: //a[.='LOGIN']
20:53:00 INFO  application.MyListener - The element --> By.xpath: //a[.='LOGIN'] was found
20:53:00 INFO  application.MyListener - Start find element by --> By.xpath: //a[.='LOGIN']
20:53:00 INFO  application.MyListener - The element --> By.xpath: //a[.='LOGIN'] was found
20:53:00 INFO  application.MyListener - Start find element by --> By.xpath: //input[@placeholder='Email']
20:53:00 INFO  application.MyListener - The element --> By.xpath: //input[@placeholder='Email'] was found
20:53:01 INFO  application.MyListener - Start find element by --> By.xpath: //input[@placeholder='Password']
20:53:01 INFO  application.MyListener - The element --> By.xpath: //input[@placeholder='Password'] was found
20:53:01 INFO  application.MyListener - Start find element by --> By.xpath: //button[.=' Login']
20:53:01 INFO  application.MyListener - The element --> By.xpath: //button[.=' Login'] was found
20:53:02 INFO  application.MyListener - Start find element by --> By.xpath: //a[.='ADD']
20:53:02 INFO  application.MyListener - The element --> By.xpath: //a[.='ADD'] was found
20:53:02 INFO  application.MyListener - Start find element by --> By.cssSelector: input[placeholder='Name']
20:53:02 INFO  application.MyListener - The element --> By.cssSelector: input[placeholder='Name'] was found
20:53:02 INFO  application.MyListener - Start find element by --> By.cssSelector: input[placeholder='Last Name']
20:53:02 INFO  application.MyListener - The element --> By.cssSelector: input[placeholder='Last Name'] was found
20:53:02 INFO  application.MyListener - Start find element by --> By.cssSelector: input[placeholder='Phone']
20:53:02 INFO  application.MyListener - The element --> By.cssSelector: input[placeholder='Phone'] was found
20:53:03 INFO  application.MyListener - Start find element by --> By.cssSelector: input[placeholder='email']
20:53:03 INFO  application.MyListener - The element --> By.cssSelector: input[placeholder='email'] was found
20:53:03 INFO  application.MyListener - Start find element by --> By.cssSelector: input[placeholder='Address']
20:53:03 INFO  application.MyListener - The element --> By.cssSelector: input[placeholder='Address'] was found
20:53:03 INFO  application.MyListener - Start find element by --> By.cssSelector: input[placeholder='description']
20:53:03 INFO  application.MyListener - The element --> By.cssSelector: input[placeholder='description'] was found
20:53:04 INFO  application.MyListener - Start find element by --> By.xpath: //h3
20:53:05 INFO  application.MyListener - The element --> By.xpath: //h3 was found
============12345678===============
20:53:05 INFO  tests.TestBase - End off method - addContactTestBase
20:53:05 INFO  tests.TestBase - ==================================
20:53:05 INFO  tests.TestBase - Start on method - addContactTestBase
20:53:05 INFO  tests.TestBase - Start test with Data - []
20:53:05 INFO  application.MyListener - Start find element by --> By.xpath: //a[.='LOGIN']
20:53:08 INFO  application.MyListener - The element --> By.xpath: //a[.='LOGIN'] was found
20:53:08 INFO  application.MyListener - Start find element by --> By.xpath: //a[.='ADD']
20:53:08 INFO  application.MyListener - The element --> By.xpath: //a[.='ADD'] was found
20:53:08 INFO  application.MyListener - Start find element by --> By.cssSelector: input[placeholder='Name']
20:53:08 INFO  application.MyListener - The element --> By.cssSelector: input[placeholder='Name'] was found
20:53:08 INFO  application.MyListener - Start find element by --> By.cssSelector: input[placeholder='Last Name']
20:53:08 INFO  application.MyListener - The element --> By.cssSelector: input[placeholder='Last Name'] was found
20:53:08 INFO  application.MyListener - Start find element by --> By.cssSelector: input[placeholder='Phone']
20:53:08 INFO  application.MyListener - The element --> By.cssSelector: input[placeholder='Phone'] was found
20:53:08 INFO  application.MyListener - Start find element by --> By.cssSelector: input[placeholder='email']
20:53:08 INFO  application.MyListener - The element --> By.cssSelector: input[placeholder='email'] was found
20:53:09 INFO  application.MyListener - Start find element by --> By.cssSelector: input[placeholder='Address']
20:53:09 INFO  application.MyListener - The element --> By.cssSelector: input[placeholder='Address'] was found
20:53:09 INFO  application.MyListener - Start find element by --> By.cssSelector: input[placeholder='description']
20:53:09 INFO  application.MyListener - The element --> By.cssSelector: input[placeholder='description'] was found
20:53:10 INFO  application.MyListener - Start find element by --> By.xpath: //h3
20:53:13 INFO  application.MyListener - The element --> By.xpath: //h3 was found
20:53:13 INFO  tests.TestBase - End off method - addContactTestBase
20:53:13 INFO  tests.TestBase - ==================================
20:53:13 INFO  tests.TestBase - Start on method - addContactTestBase
20:53:13 INFO  tests.TestBase - Start test with Data - []
20:53:13 INFO  application.MyListener - Start find element by --> By.xpath: //a[.='LOGIN']
20:53:16 INFO  application.MyListener - The element --> By.xpath: //a[.='LOGIN'] was found
20:53:16 INFO  application.MyListener - Start find element by --> By.xpath: //a[.='ADD']
20:53:16 INFO  application.MyListener - The element --> By.xpath: //a[.='ADD'] was found
20:53:16 INFO  application.MyListener - Start find element by --> By.cssSelector: input[placeholder='Name']
20:53:16 INFO  application.MyListener - The element --> By.cssSelector: input[placeholder='Name'] was found
20:53:17 INFO  application.MyListener - Start find element by --> By.cssSelector: input[placeholder='Last Name']
20:53:17 INFO  application.MyListener - The element --> By.cssSelector: input[placeholder='Last Name'] was found
20:53:17 INFO  application.MyListener - Start find element by --> By.cssSelector: input[placeholder='Phone']
20:53:17 INFO  application.MyListener - The element --> By.cssSelector: input[placeholder='Phone'] was found
20:53:17 INFO  application.MyListener - Start find element by --> By.cssSelector: input[placeholder='email']
20:53:17 INFO  application.MyListener - The element --> By.cssSelector: input[placeholder='email'] was found
20:53:17 INFO  application.MyListener - Start find element by --> By.cssSelector: input[placeholder='Address']
20:53:17 INFO  application.MyListener - The element --> By.cssSelector: input[placeholder='Address'] was found
20:53:17 INFO  application.MyListener - Start find element by --> By.cssSelector: input[placeholder='description']
20:53:17 INFO  application.MyListener - The element --> By.cssSelector: input[placeholder='description'] was found
20:53:19 INFO  application.MyListener - Start find element by --> By.xpath: //h3
20:53:22 INFO  application.MyListener - The element --> By.xpath: //h3 was found
20:53:22 INFO  tests.TestBase - End off method - addContactTestBase
20:53:22 INFO  tests.TestBase - ==================================
20:53:22 INFO  tests.TestBase - Start on method - addContactTestCSV
20:53:22 INFO  tests.TestBase - Start test with Data - [Contact(name=Masha, lastName=Qwerty, email=kselon01@bk.ru, phone=1234511678, address=Haifa, description=friend)]
20:53:22 INFO  application.MyListener - Start find element by --> By.xpath: //a[.='LOGIN']
20:53:25 INFO  application.MyListener - The element --> By.xpath: //a[.='LOGIN'] was found
20:53:25 INFO  application.MyListener - Start find element by --> By.xpath: //a[.='ADD']
20:53:25 INFO  application.MyListener - The element --> By.xpath: //a[.='ADD'] was found
20:53:25 INFO  application.MyListener - Start find element by --> By.cssSelector: input[placeholder='Name']
20:53:25 INFO  application.MyListener - The element --> By.cssSelector: input[placeholder='Name'] was found
20:53:25 INFO  application.MyListener - Start find element by --> By.cssSelector: input[placeholder='Last Name']
20:53:25 INFO  application.MyListener - The element --> By.cssSelector: input[placeholder='Last Name'] was found
20:53:25 INFO  application.MyListener - Start find element by --> By.cssSelector: input[placeholder='Phone']
20:53:25 INFO  application.MyListener - The element --> By.cssSelector: input[placeholder='Phone'] was found
20:53:25 INFO  application.MyListener - Start find element by --> By.cssSelector: input[placeholder='email']
20:53:25 INFO  application.MyListener - The element --> By.cssSelector: input[placeholder='email'] was found
20:53:26 INFO  application.MyListener - Start find element by --> By.cssSelector: input[placeholder='Address']
20:53:26 INFO  application.MyListener - The element --> By.cssSelector: input[placeholder='Address'] was found
20:53:26 INFO  application.MyListener - Start find element by --> By.cssSelector: input[placeholder='description']
20:53:26 INFO  application.MyListener - The element --> By.cssSelector: input[placeholder='description'] was found
20:53:27 INFO  application.MyListener - Start find element by --> By.xpath: //h3
20:53:27 INFO  application.MyListener - The element --> By.xpath: //h3 was found
============1234511678===============
20:53:27 INFO  tests.TestBase - End off method - addContactTestCSV
20:53:27 INFO  tests.TestBase - ==================================
20:53:27 INFO  tests.TestBase - Start on method - addContactTestCSV
20:53:27 INFO  tests.TestBase - Start test with Data - [Contact(name=Sasha, lastName=Asdfgh, email=kselon02@bk.ru, phone=9874115632, address=Haifa, description=friend)]
20:53:27 INFO  application.MyListener - Start find element by --> By.xpath: //a[.='LOGIN']
20:53:30 INFO  application.MyListener - The element --> By.xpath: //a[.='LOGIN'] was found
20:53:30 INFO  application.MyListener - Start find element by --> By.xpath: //a[.='ADD']
20:53:30 INFO  application.MyListener - The element --> By.xpath: //a[.='ADD'] was found
20:53:31 INFO  application.MyListener - Start find element by --> By.cssSelector: input[placeholder='Name']
20:53:31 INFO  application.MyListener - The element --> By.cssSelector: input[placeholder='Name'] was found
20:53:31 INFO  application.MyListener - Start find element by --> By.cssSelector: input[placeholder='Last Name']
20:53:31 INFO  application.MyListener - The element --> By.cssSelector: input[placeholder='Last Name'] was found
20:53:31 INFO  application.MyListener - Start find element by --> By.cssSelector: input[placeholder='Phone']
20:53:31 INFO  application.MyListener - The element --> By.cssSelector: input[placeholder='Phone'] was found
20:53:31 INFO  application.MyListener - Start find element by --> By.cssSelector: input[placeholder='email']
20:53:31 INFO  application.MyListener - The element --> By.cssSelector: input[placeholder='email'] was found
20:53:31 INFO  application.MyListener - Start find element by --> By.cssSelector: input[placeholder='Address']
20:53:31 INFO  application.MyListener - The element --> By.cssSelector: input[placeholder='Address'] was found
20:53:32 INFO  application.MyListener - Start find element by --> By.cssSelector: input[placeholder='description']
20:53:32 INFO  application.MyListener - The element --> By.cssSelector: input[placeholder='description'] was found
20:53:33 INFO  application.MyListener - Start find element by --> By.xpath: //h3
20:53:33 INFO  application.MyListener - The element --> By.xpath: //h3 was found
============9874115632===============
20:53:33 INFO  tests.TestBase - End off method - addContactTestCSV
20:53:33 INFO  tests.TestBase - ==================================
20:53:33 INFO  tests.TestBase - Start on method - addContactTestCSV
20:53:33 INFO  tests.TestBase - Start test with Data - [Contact(name=Mosha, lastName=wrnaertn, email=kselon03@bk.ru, phone=1411567412, address=Haifa, description=friend)]
20:53:33 INFO  application.MyListener - Start find element by --> By.xpath: //a[.='LOGIN']
20:53:36 INFO  application.MyListener - The element --> By.xpath: //a[.='LOGIN'] was found
20:53:36 INFO  application.MyListener - Start find element by --> By.xpath: //a[.='ADD']
20:53:36 INFO  application.MyListener - The element --> By.xpath: //a[.='ADD'] was found
20:53:36 INFO  application.MyListener - Start find element by --> By.cssSelector: input[placeholder='Name']
20:53:36 INFO  application.MyListener - The element --> By.cssSelector: input[placeholder='Name'] was found
20:53:37 INFO  application.MyListener - Start find element by --> By.cssSelector: input[placeholder='Last Name']
20:53:37 INFO  application.MyListener - The element --> By.cssSelector: input[placeholder='Last Name'] was found
20:53:37 INFO  application.MyListener - Start find element by --> By.cssSelector: input[placeholder='Phone']
20:53:37 INFO  application.MyListener - The element --> By.cssSelector: input[placeholder='Phone'] was found
20:53:37 INFO  application.MyListener - Start find element by --> By.cssSelector: input[placeholder='email']
20:53:37 INFO  application.MyListener - The element --> By.cssSelector: input[placeholder='email'] was found
20:53:37 INFO  application.MyListener - Start find element by --> By.cssSelector: input[placeholder='Address']
20:53:37 INFO  application.MyListener - The element --> By.cssSelector: input[placeholder='Address'] was found
20:53:37 INFO  application.MyListener - Start find element by --> By.cssSelector: input[placeholder='description']
20:53:37 INFO  application.MyListener - The element --> By.cssSelector: input[placeholder='description'] was found
20:53:39 INFO  application.MyListener - Start find element by --> By.xpath: //h3
20:53:39 INFO  application.MyListener - The element --> By.xpath: //h3 was found
============1411567412===============
20:53:39 INFO  tests.TestBase - End off method - addContactTestCSV
20:53:39 INFO  tests.TestBase - ==================================
20:53:39 INFO  tests.TestBase - Start on method - addContactTestCSV
20:53:39 INFO  tests.TestBase - Start test with Data - [Contact(name=Gosha, lastName=gndgn, email=kselon04@bk.ru, phone=3245631125, address=Haifa, description=friend)]
20:53:39 INFO  application.MyListener - Start find element by --> By.xpath: //a[.='LOGIN']
20:53:42 INFO  application.MyListener - The element --> By.xpath: //a[.='LOGIN'] was found
20:53:42 INFO  application.MyListener - Start find element by --> By.xpath: //a[.='ADD']
20:53:42 INFO  application.MyListener - The element --> By.xpath: //a[.='ADD'] was found
20:53:42 INFO  application.MyListener - Start find element by --> By.cssSelector: input[placeholder='Name']
20:53:42 INFO  application.MyListener - The element --> By.cssSelector: input[placeholder='Name'] was found
20:53:42 INFO  application.MyListener - Start find element by --> By.cssSelector: input[placeholder='Last Name']
20:53:42 INFO  application.MyListener - The element --> By.cssSelector: input[placeholder='Last Name'] was found
20:53:42 INFO  application.MyListener - Start find element by --> By.cssSelector: input[placeholder='Phone']
20:53:42 INFO  application.MyListener - The element --> By.cssSelector: input[placeholder='Phone'] was found
20:53:43 INFO  application.MyListener - Start find element by --> By.cssSelector: input[placeholder='email']
20:53:43 INFO  application.MyListener - The element --> By.cssSelector: input[placeholder='email'] was found
20:53:43 INFO  application.MyListener - Start find element by --> By.cssSelector: input[placeholder='Address']
20:53:43 INFO  application.MyListener - The element --> By.cssSelector: input[placeholder='Address'] was found
20:53:43 INFO  application.MyListener - Start find element by --> By.cssSelector: input[placeholder='description']
20:53:43 INFO  application.MyListener - The element --> By.cssSelector: input[placeholder='description'] was found
20:53:44 INFO  application.MyListener - Start find element by --> By.xpath: //h3
20:53:45 INFO  application.MyListener - The element --> By.xpath: //h3 was found
============3245631125===============
20:53:45 INFO  tests.TestBase - End off method - addContactTestCSV
20:53:45 INFO  tests.TestBase - ==================================
20:53:45 INFO  tests.TestBase - Start on method - addContactTestCSV
20:53:45 INFO  tests.TestBase - Start test with Data - [Contact(name=Resae, lastName=aetnxf , email=kselon05@bk.ru, phone=1211452145, address=Haifa, description=friend)]
20:53:45 INFO  application.MyListener - Start find element by --> By.xpath: //a[.='LOGIN']
20:53:48 INFO  application.MyListener - The element --> By.xpath: //a[.='LOGIN'] was found
20:53:48 INFO  application.MyListener - Start find element by --> By.xpath: //a[.='ADD']
20:53:48 INFO  application.MyListener - The element --> By.xpath: //a[.='ADD'] was found
20:53:48 INFO  application.MyListener - Start find element by --> By.cssSelector: input[placeholder='Name']
20:53:48 INFO  application.MyListener - The element --> By.cssSelector: input[placeholder='Name'] was found
20:53:48 INFO  application.MyListener - Start find element by --> By.cssSelector: input[placeholder='Last Name']
20:53:48 INFO  application.MyListener - The element --> By.cssSelector: input[placeholder='Last Name'] was found
20:53:48 INFO  application.MyListener - Start find element by --> By.cssSelector: input[placeholder='Phone']
20:53:48 INFO  application.MyListener - The element --> By.cssSelector: input[placeholder='Phone'] was found
20:53:48 INFO  application.MyListener - Start find element by --> By.cssSelector: input[placeholder='email']
20:53:48 INFO  application.MyListener - The element --> By.cssSelector: input[placeholder='email'] was found
20:53:49 INFO  application.MyListener - Start find element by --> By.cssSelector: input[placeholder='Address']
20:53:49 INFO  application.MyListener - The element --> By.cssSelector: input[placeholder='Address'] was found
20:53:49 INFO  application.MyListener - Start find element by --> By.cssSelector: input[placeholder='description']
20:53:49 INFO  application.MyListener - The element --> By.cssSelector: input[placeholder='description'] was found
20:53:50 INFO  application.MyListener - Start find element by --> By.xpath: //h3
20:53:50 INFO  application.MyListener - The element --> By.xpath: //h3 was found
============1211452145===============
20:53:50 INFO  tests.TestBase - End off method - addContactTestCSV
20:53:50 INFO  tests.TestBase - ==================================
20:53:50 INFO  tests.TestBase - Start on method - addContactTestCSV
20:53:50 INFO  tests.TestBase - Start test with Data - [Contact(name=Trew, lastName=aweegear, email=kselon61@bk.ru, phone=9811569856, address=Haifa, description=friend)]
20:53:50 INFO  application.MyListener - Start find element by --> By.xpath: //a[.='LOGIN']
20:53:53 INFO  application.MyListener - The element --> By.xpath: //a[.='LOGIN'] was found
20:53:53 INFO  application.MyListener - Start find element by --> By.xpath: //a[.='ADD']
20:53:54 INFO  application.MyListener - The element --> By.xpath: //a[.='ADD'] was found
20:53:54 INFO  application.MyListener - Start find element by --> By.cssSelector: input[placeholder='Name']
20:53:54 INFO  application.MyListener - The element --> By.cssSelector: input[placeholder='Name'] was found
20:53:54 INFO  application.MyListener - Start find element by --> By.cssSelector: input[placeholder='Last Name']
20:53:54 INFO  application.MyListener - The element --> By.cssSelector: input[placeholder='Last Name'] was found
20:53:54 INFO  application.MyListener - Start find element by --> By.cssSelector: input[placeholder='Phone']
20:53:54 INFO  application.MyListener - The element --> By.cssSelector: input[placeholder='Phone'] was found
20:53:54 INFO  application.MyListener - Start find element by --> By.cssSelector: input[placeholder='email']
20:53:54 INFO  application.MyListener - The element --> By.cssSelector: input[placeholder='email'] was found
20:53:54 INFO  application.MyListener - Start find element by --> By.cssSelector: input[placeholder='Address']
20:53:54 INFO  application.MyListener - The element --> By.cssSelector: input[placeholder='Address'] was found
20:53:54 INFO  application.MyListener - Start find element by --> By.cssSelector: input[placeholder='description']
20:53:55 INFO  application.MyListener - The element --> By.cssSelector: input[placeholder='description'] was found
20:53:56 INFO  application.MyListener - Start find element by --> By.xpath: //h3
20:53:56 INFO  application.MyListener - The element --> By.xpath: //h3 was found
============9811569856===============
20:53:56 INFO  tests.TestBase - End off method - addContactTestCSV
20:53:56 INFO  tests.TestBase - ==================================
20:53:56 INFO  tests.TestBase - Start on method - addContactTestCSV
20:53:56 INFO  tests.TestBase - Start test with Data - [Contact(name=John, lastName=zdgWEg, email=kselon07@bk.ru, phone=6587114521, address=Haifa, description=friend)]
20:53:56 INFO  application.MyListener - Start find element by --> By.xpath: //a[.='LOGIN']
20:53:59 INFO  application.MyListener - The element --> By.xpath: //a[.='LOGIN'] was found
20:53:59 INFO  application.MyListener - Start find element by --> By.xpath: //a[.='ADD']
20:53:59 INFO  application.MyListener - The element --> By.xpath: //a[.='ADD'] was found
20:53:59 INFO  application.MyListener - Start find element by --> By.cssSelector: input[placeholder='Name']
20:53:59 INFO  application.MyListener - The element --> By.cssSelector: input[placeholder='Name'] was found
20:53:59 INFO  application.MyListener - Start find element by --> By.cssSelector: input[placeholder='Last Name']
20:53:59 INFO  application.MyListener - The element --> By.cssSelector: input[placeholder='Last Name'] was found
20:54:00 INFO  application.MyListener - Start find element by --> By.cssSelector: input[placeholder='Phone']
20:54:00 INFO  application.MyListener - The element --> By.cssSelector: input[placeholder='Phone'] was found
20:54:00 INFO  application.MyListener - Start find element by --> By.cssSelector: input[placeholder='email']
20:54:00 INFO  application.MyListener - The element --> By.cssSelector: input[placeholder='email'] was found
20:54:00 INFO  application.MyListener - Start find element by --> By.cssSelector: input[placeholder='Address']
20:54:00 INFO  application.MyListener - The element --> By.cssSelector: input[placeholder='Address'] was found
20:54:00 INFO  application.MyListener - Start find element by --> By.cssSelector: input[placeholder='description']
20:54:00 INFO  application.MyListener - The element --> By.cssSelector: input[placeholder='description'] was found
20:54:01 INFO  application.MyListener - Start find element by --> By.xpath: //h3
20:54:02 INFO  application.MyListener - The element --> By.xpath: //h3 was found
============6587114521===============
20:54:02 INFO  tests.TestBase - End off method - addContactTestCSV
20:54:02 INFO  tests.TestBase - ==================================
20:54:02 INFO  tests.TestBase - Start on method - addContactTestCSV
20:54:02 INFO  tests.TestBase - Start test with Data - [Contact(name=Jane, lastName=ezrneren, email=kselon08@bk.ru, phone=1211589654, address=Haifa, description=friend)]
20:54:02 INFO  application.MyListener - Start find element by --> By.xpath: //a[.='LOGIN']
20:54:05 INFO  application.MyListener - The element --> By.xpath: //a[.='LOGIN'] was found
20:54:05 INFO  application.MyListener - Start find element by --> By.xpath: //a[.='ADD']
20:54:05 INFO  application.MyListener - The element --> By.xpath: //a[.='ADD'] was found
20:54:05 INFO  application.MyListener - Start find element by --> By.cssSelector: input[placeholder='Name']
20:54:05 INFO  application.MyListener - The element --> By.cssSelector: input[placeholder='Name'] was found
20:54:05 INFO  application.MyListener - Start find element by --> By.cssSelector: input[placeholder='Last Name']
20:54:05 INFO  application.MyListener - The element --> By.cssSelector: input[placeholder='Last Name'] was found
20:54:05 INFO  application.MyListener - Start find element by --> By.cssSelector: input[placeholder='Phone']
20:54:05 INFO  application.MyListener - The element --> By.cssSelector: input[placeholder='Phone'] was found
20:54:06 INFO  application.MyListener - Start find element by --> By.cssSelector: input[placeholder='email']
20:54:06 INFO  application.MyListener - The element --> By.cssSelector: input[placeholder='email'] was found
20:54:06 INFO  application.MyListener - Start find element by --> By.cssSelector: input[placeholder='Address']
20:54:06 INFO  application.MyListener - The element --> By.cssSelector: input[placeholder='Address'] was found
20:54:06 INFO  application.MyListener - Start find element by --> By.cssSelector: input[placeholder='description']
20:54:06 INFO  application.MyListener - The element --> By.cssSelector: input[placeholder='description'] was found
20:54:07 INFO  application.MyListener - Start find element by --> By.xpath: //h3
20:54:08 INFO  application.MyListener - The element --> By.xpath: //h3 was found
============1211589654===============
20:54:08 INFO  tests.TestBase - End off method - addContactTestCSV
20:54:08 INFO  tests.TestBase - ==================================
20:54:08 INFO  tests.TestBase - Start on method - addContactTestCSV
20:54:08 INFO  tests.TestBase - Start test with Data - [Contact(name=Mila, lastName=rehaeerh, email=kselon91@bk.ru, phone=1241156987, address=Haifa, description=friend)]
20:54:08 INFO  application.MyListener - Start find element by --> By.xpath: //a[.='LOGIN']
20:54:11 INFO  application.MyListener - The element --> By.xpath: //a[.='LOGIN'] was found
20:54:11 INFO  application.MyListener - Start find element by --> By.xpath: //a[.='ADD']
20:54:11 INFO  application.MyListener - The element --> By.xpath: //a[.='ADD'] was found
20:54:11 INFO  application.MyListener - Start find element by --> By.cssSelector: input[placeholder='Name']
20:54:11 INFO  application.MyListener - The element --> By.cssSelector: input[placeholder='Name'] was found
20:54:11 INFO  application.MyListener - Start find element by --> By.cssSelector: input[placeholder='Last Name']
20:54:11 INFO  application.MyListener - The element --> By.cssSelector: input[placeholder='Last Name'] was found
20:54:11 INFO  application.MyListener - Start find element by --> By.cssSelector: input[placeholder='Phone']
20:54:11 INFO  application.MyListener - The element --> By.cssSelector: input[placeholder='Phone'] was found
20:54:11 INFO  application.MyListener - Start find element by --> By.cssSelector: input[placeholder='email']
20:54:11 INFO  application.MyListener - The element --> By.cssSelector: input[placeholder='email'] was found
20:54:12 INFO  application.MyListener - Start find element by --> By.cssSelector: input[placeholder='Address']
20:54:12 INFO  application.MyListener - The element --> By.cssSelector: input[placeholder='Address'] was found
20:54:12 INFO  application.MyListener - Start find element by --> By.cssSelector: input[placeholder='description']
20:54:12 INFO  application.MyListener - The element --> By.cssSelector: input[placeholder='description'] was found
20:54:13 INFO  application.MyListener - Start find element by --> By.xpath: //h3
20:54:16 INFO  application.MyListener - The element --> By.xpath: //h3 was found
20:54:16 INFO  tests.TestBase - End off method - addContactTestCSV
20:54:16 INFO  tests.TestBase - ==================================
20:54:16 INFO  tests.TestBase - Start on method - addContactTestDataProvider
20:54:16 INFO  tests.TestBase - Start test with Data - [Masha, Qwerty, 1234512678, kselon01@bk.ru, Haifa, friend]
20:54:16 INFO  application.MyListener - Start find element by --> By.xpath: //a[.='LOGIN']
20:54:19 INFO  application.MyListener - The element --> By.xpath: //a[.='LOGIN'] was found
20:54:19 INFO  application.MyListener - Start find element by --> By.xpath: //a[.='ADD']
20:54:19 INFO  application.MyListener - The element --> By.xpath: //a[.='ADD'] was found
20:54:19 INFO  application.MyListener - Start find element by --> By.cssSelector: input[placeholder='Name']
20:54:19 INFO  application.MyListener - The element --> By.cssSelector: input[placeholder='Name'] was found
20:54:19 INFO  application.MyListener - Start find element by --> By.cssSelector: input[placeholder='Last Name']
20:54:19 INFO  application.MyListener - The element --> By.cssSelector: input[placeholder='Last Name'] was found
20:54:19 INFO  application.MyListener - Start find element by --> By.cssSelector: input[placeholder='Phone']
20:54:20 INFO  application.MyListener - The element --> By.cssSelector: input[placeholder='Phone'] was found
20:54:20 INFO  application.MyListener - Start find element by --> By.cssSelector: input[placeholder='email']
20:54:20 INFO  application.MyListener - The element --> By.cssSelector: input[placeholder='email'] was found
20:54:20 INFO  application.MyListener - Start find element by --> By.cssSelector: input[placeholder='Address']
20:54:20 INFO  application.MyListener - The element --> By.cssSelector: input[placeholder='Address'] was found
20:54:20 INFO  application.MyListener - Start find element by --> By.cssSelector: input[placeholder='description']
20:54:20 INFO  application.MyListener - The element --> By.cssSelector: input[placeholder='description'] was found
20:54:21 INFO  application.MyListener - Start find element by --> By.xpath: //h3
20:54:24 INFO  application.MyListener - The element --> By.xpath: //h3 was found
20:54:24 INFO  tests.TestBase - End off method - addContactTestDataProvider
20:54:24 INFO  tests.TestBase - ==================================
20:54:24 INFO  tests.TestBase - Start on method - addContactTestDataProvider
20:54:24 INFO  tests.TestBase - Start test with Data - [Sasha, Asdfgh, 9872115632, kselon02@bk.ru, Haifa, friend]
20:54:24 INFO  application.MyListener - Start find element by --> By.xpath: //a[.='LOGIN']
20:54:27 INFO  application.MyListener - The element --> By.xpath: //a[.='LOGIN'] was found
20:54:27 INFO  application.MyListener - Start find element by --> By.xpath: //a[.='ADD']
20:54:27 INFO  application.MyListener - The element --> By.xpath: //a[.='ADD'] was found
20:54:27 INFO  application.MyListener - Start find element by --> By.cssSelector: input[placeholder='Name']
20:54:27 INFO  application.MyListener - The element --> By.cssSelector: input[placeholder='Name'] was found
20:54:28 INFO  application.MyListener - Start find element by --> By.cssSelector: input[placeholder='Last Name']
20:54:28 INFO  application.MyListener - The element --> By.cssSelector: input[placeholder='Last Name'] was found
20:54:28 INFO  application.MyListener - Start find element by --> By.cssSelector: input[placeholder='Phone']
20:54:28 INFO  application.MyListener - The element --> By.cssSelector: input[placeholder='Phone'] was found
20:54:28 INFO  application.MyListener - Start find element by --> By.cssSelector: input[placeholder='email']
20:54:28 INFO  application.MyListener - The element --> By.cssSelector: input[placeholder='email'] was found
20:54:28 INFO  application.MyListener - Start find element by --> By.cssSelector: input[placeholder='Address']
20:54:28 INFO  application.MyListener - The element --> By.cssSelector: input[placeholder='Address'] was found
20:54:29 INFO  application.MyListener - Start find element by --> By.cssSelector: input[placeholder='description']
20:54:29 INFO  application.MyListener - The element --> By.cssSelector: input[placeholder='description'] was found
20:54:30 INFO  application.MyListener - Start find element by --> By.xpath: //h3
20:54:33 INFO  application.MyListener - The element --> By.xpath: //h3 was found
20:54:33 INFO  tests.TestBase - End off method - addContactTestDataProvider
20:54:33 INFO  tests.TestBase - ==================================
20:54:33 INFO  tests.TestBase - Start on method - addContactTestDataProvider
20:54:33 INFO  tests.TestBase - Start test with Data - [Mosha, wrnaertn, 1211567412, kselon03@bk.ru, Haifa, friend]
20:54:33 INFO  application.MyListener - Start find element by --> By.xpath: //a[.='LOGIN']
20:54:36 INFO  application.MyListener - The element --> By.xpath: //a[.='LOGIN'] was found
20:54:36 INFO  application.MyListener - Start find element by --> By.xpath: //a[.='ADD']
20:54:36 INFO  application.MyListener - The element --> By.xpath: //a[.='ADD'] was found
20:54:36 INFO  application.MyListener - Start find element by --> By.cssSelector: input[placeholder='Name']
20:54:36 INFO  application.MyListener - The element --> By.cssSelector: input[placeholder='Name'] was found
20:54:36 INFO  application.MyListener - Start find element by --> By.cssSelector: input[placeholder='Last Name']
20:54:36 INFO  application.MyListener - The element --> By.cssSelector: input[placeholder='Last Name'] was found
20:54:36 INFO  application.MyListener - Start find element by --> By.cssSelector: input[placeholder='Phone']
20:54:36 INFO  application.MyListener - The element --> By.cssSelector: input[placeholder='Phone'] was found
20:54:36 INFO  application.MyListener - Start find element by --> By.cssSelector: input[placeholder='email']
20:54:36 INFO  application.MyListener - The element --> By.cssSelector: input[placeholder='email'] was found
20:54:37 INFO  application.MyListener - Start find element by --> By.cssSelector: input[placeholder='Address']
20:54:37 INFO  application.MyListener - The element --> By.cssSelector: input[placeholder='Address'] was found
20:54:37 INFO  application.MyListener - Start find element by --> By.cssSelector: input[placeholder='description']
20:54:37 INFO  application.MyListener - The element --> By.cssSelector: input[placeholder='description'] was found
20:54:38 INFO  application.MyListener - Start find element by --> By.xpath: //h3
20:54:41 INFO  application.MyListener - The element --> By.xpath: //h3 was found
20:54:41 INFO  tests.TestBase - End off method - addContactTestDataProvider
]]></system-out>
  <system-err><![CDATA[]]></system-err>
</testsuite>
